[1.790s] Invoking command in '/home/eilero/launch_ws/geometry_tutorials/turtle_tf2_py': PYTHONPATH=/home/eilero/launch_ws/build/turtle_tf2_py/prefix_override:/usr/lib/python3/dist-packages/colcon_core/task/python/colcon_distutils_commands:/home/eilero/launch_ws/install/turtle_tf2_py/lib/python3.12/site-packages:${PYTHONPATH} /usr/bin/python3 -W ignore:setup.py install is deprecated -W ignore:easy_install command is deprecated setup.py egg_info --egg-base ../../build/turtle_tf2_py build --build-base /home/eilero/launch_ws/build/turtle_tf2_py/build install --record /home/eilero/launch_ws/build/turtle_tf2_py/install.log --single-version-externally-managed install_data
[2.026s] running egg_info
[2.036s] writing ../../build/turtle_tf2_py/turtle_tf2_py.egg-info/PKG-INFO
[2.036s] writing dependency_links to ../../build/turtle_tf2_py/turtle_tf2_py.egg-info/dependency_links.txt
[2.037s] writing entry points to ../../build/turtle_tf2_py/turtle_tf2_py.egg-info/entry_points.txt
[2.037s] writing requirements to ../../build/turtle_tf2_py/turtle_tf2_py.egg-info/requires.txt
[2.037s] writing top-level names to ../../build/turtle_tf2_py/turtle_tf2_py.egg-info/top_level.txt
[2.060s] reading manifest file '../../build/turtle_tf2_py/turtle_tf2_py.egg-info/SOURCES.txt'
[2.061s] writing manifest file '../../build/turtle_tf2_py/turtle_tf2_py.egg-info/SOURCES.txt'
[2.061s] running build
[2.061s] running build_py
[2.061s] running install
[2.066s] running install_lib
[2.078s] running install_data
[2.078s] running install_egg_info
[2.090s] removing '/home/eilero/launch_ws/install/turtle_tf2_py/lib/python3.12/site-packages/turtle_tf2_py-0.3.6-py3.12.egg-info' (and everything under it)
[2.090s] Copying ../../build/turtle_tf2_py/turtle_tf2_py.egg-info to /home/eilero/launch_ws/install/turtle_tf2_py/lib/python3.12/site-packages/turtle_tf2_py-0.3.6-py3.12.egg-info
[2.091s] running install_scripts
[2.171s] Installing dynamic_frame_tf2_broadcaster script to /home/eilero/launch_ws/install/turtle_tf2_py/lib/turtle_tf2_py
[2.171s] Installing fixed_frame_tf2_broadcaster script to /home/eilero/launch_ws/install/turtle_tf2_py/lib/turtle_tf2_py
[2.171s] Installing static_turtle_tf2_broadcaster script to /home/eilero/launch_ws/install/turtle_tf2_py/lib/turtle_tf2_py
[2.171s] Installing turtle_tf2_broadcaster script to /home/eilero/launch_ws/install/turtle_tf2_py/lib/turtle_tf2_py
[2.171s] Installing turtle_tf2_listener script to /home/eilero/launch_ws/install/turtle_tf2_py/lib/turtle_tf2_py
[2.171s] Installing turtle_tf2_message_broadcaster script to /home/eilero/launch_ws/install/turtle_tf2_py/lib/turtle_tf2_py
[2.172s] writing list of installed files to '/home/eilero/launch_ws/build/turtle_tf2_py/install.log'
[2.213s] Invoked command in '/home/eilero/launch_ws/geometry_tutorials/turtle_tf2_py' returned '0': PYTHONPATH=/home/eilero/launch_ws/build/turtle_tf2_py/prefix_override:/usr/lib/python3/dist-packages/colcon_core/task/python/colcon_distutils_commands:/home/eilero/launch_ws/install/turtle_tf2_py/lib/python3.12/site-packages:${PYTHONPATH} /usr/bin/python3 -W ignore:setup.py install is deprecated -W ignore:easy_install command is deprecated setup.py egg_info --egg-base ../../build/turtle_tf2_py build --build-base /home/eilero/launch_ws/build/turtle_tf2_py/build install --record /home/eilero/launch_ws/build/turtle_tf2_py/install.log --single-version-externally-managed install_data
