[0.202s] DEBUG:colcon:Command line arguments: ['/usr/bin/colcon', 'build']
[0.202s] DEBUG:colcon:Parsed command line arguments: Namespace(log_base=None, log_level=None, verb_name='build', build_base='build', install_base='install', merge_install=False, symlink_install=False, test_result_base=None, continue_on_error=False, executor='parallel', parallel_workers=16, event_handlers=None, ignore_user_meta=False, metas=['./colcon.meta'], base_paths=['.'], packages_ignore=None, packages_ignore_regex=None, paths=None, packages_up_to=None, packages_up_to_regex=None, packages_above=None, packages_above_and_dependencies=None, packages_above_depth=None, packages_select_by_dep=None, packages_skip_by_dep=None, packages_skip_up_to=None, packages_select_build_failed=False, packages_skip_build_finished=False, packages_select_test_failures=False, packages_skip_test_passed=False, packages_select=None, packages_skip=None, packages_select_regex=None, packages_skip_regex=None, packages_start=None, packages_end=None, cmake_args=None, cmake_target=None, cmake_target_skip_unavailable=False, cmake_clean_cache=False, cmake_clean_first=False, cmake_force_configure=False, ament_cmake_args=None, catkin_cmake_args=None, catkin_skip_building_tests=False, mixin_files=None, mixin=None, verb_parser=<colcon_mixin.mixin.mixin_argument.MixinArgumentDecorator object at 0x70d190f646e0>, verb_extension=<colcon_core.verb.build.BuildVerb object at 0x70d191138530>, main=<bound method BuildVerb.main of <colcon_core.verb.build.BuildVerb object at 0x70d191138530>>, mixin_verb=('build',))
[0.278s] Level 1:colcon.colcon_core.package_discovery:discover_packages(colcon_meta) check parameters
[0.280s] INFO:colcon.colcon_metadata.package_discovery.colcon_meta:Using configuration from '/root/.colcon/metadata/default/Gazebo.meta'
[0.282s] INFO:colcon.colcon_metadata.package_discovery.colcon_meta:Using configuration from '/root/.colcon/metadata/default/fastdds.meta'
[0.284s] INFO:colcon.colcon_metadata.package_discovery.colcon_meta:Using configuration from '/root/.colcon/metadata/default/fastrtps.meta'
[0.284s] Level 1:colcon.colcon_core.package_discovery:discover_packages(recursive) check parameters
[0.284s] Level 1:colcon.colcon_core.package_discovery:discover_packages(ignore) check parameters
[0.284s] Level 1:colcon.colcon_core.package_discovery:discover_packages(path) check parameters
[0.284s] Level 1:colcon.colcon_core.package_discovery:discover_packages(colcon_meta) discover
[0.284s] Level 1:colcon.colcon_core.package_discovery:discover_packages(recursive) discover
[0.284s] INFO:colcon.colcon_core.package_discovery:Crawling recursively for packages in '/home/eilero/launch_ws'
[0.284s] Level 1:colcon.colcon_core.package_identification:_identify(.) by extensions ['ignore', 'ignore_ament_install']
[0.284s] Level 1:colcon.colcon_core.package_identification:_identify(.) by extension 'ignore'
[0.284s] Level 1:colcon.colcon_core.package_identification:_identify(.) by extension 'ignore_ament_install'
[0.285s] Level 1:colcon.colcon_core.package_identification:_identify(.) by extensions ['colcon_pkg']
[0.285s] Level 1:colcon.colcon_core.package_identification:_identify(.) by extension 'colcon_pkg'
[0.285s] Level 1:colcon.colcon_core.package_identification:_identify(.) by extensions ['colcon_meta']
[0.285s] Level 1:colcon.colcon_core.package_identification:_identify(.) by extension 'colcon_meta'
[0.285s] Level 1:colcon.colcon_core.package_identification:_identify(.) by extensions ['ros']
[0.285s] Level 1:colcon.colcon_core.package_identification:_identify(.) by extension 'ros'
[0.328s] Level 1:colcon.colcon_core.package_identification:_identify(.) by extensions ['cmake', 'python']
[0.328s] Level 1:colcon.colcon_core.package_identification:_identify(.) by extension 'cmake'
[0.328s] Level 1:colcon.colcon_core.package_identification:_identify(.) by extension 'python'
[0.328s] Level 1:colcon.colcon_core.package_identification:_identify(.) by extensions ['python_setup_py']
[0.328s] Level 1:colcon.colcon_core.package_identification:_identify(.) by extension 'python_setup_py'
[0.328s] Level 1:colcon.colcon_core.package_identification:_identify(build) by extensions ['ignore', 'ignore_ament_install']
[0.329s] Level 1:colcon.colcon_core.package_identification:_identify(build) by extension 'ignore'
[0.329s] Level 1:colcon.colcon_core.package_identification:_identify(build) ignored
[0.330s] Level 1:colcon.colcon_core.package_identification:_identify(install) by extensions ['ignore', 'ignore_ament_install']
[0.331s] Level 1:colcon.colcon_core.package_identification:_identify(install) by extension 'ignore'
[0.331s] Level 1:colcon.colcon_core.package_identification:_identify(install) ignored
[0.332s] Level 1:colcon.colcon_core.package_identification:_identify(log) by extensions ['ignore', 'ignore_ament_install']
[0.333s] Level 1:colcon.colcon_core.package_identification:_identify(log) by extension 'ignore'
[0.333s] Level 1:colcon.colcon_core.package_identification:_identify(log) ignored
[0.333s] Level 1:colcon.colcon_core.package_identification:_identify(src) by extensions ['ignore', 'ignore_ament_install']
[0.333s] Level 1:colcon.colcon_core.package_identification:_identify(src) by extension 'ignore'
[0.333s] Level 1:colcon.colcon_core.package_identification:_identify(src) by extension 'ignore_ament_install'
[0.333s] Level 1:colcon.colcon_core.package_identification:_identify(src) by extensions ['colcon_pkg']
[0.333s] Level 1:colcon.colcon_core.package_identification:_identify(src) by extension 'colcon_pkg'
[0.333s] Level 1:colcon.colcon_core.package_identification:_identify(src) by extensions ['colcon_meta']
[0.333s] Level 1:colcon.colcon_core.package_identification:_identify(src) by extension 'colcon_meta'
[0.333s] Level 1:colcon.colcon_core.package_identification:_identify(src) by extensions ['ros']
[0.333s] Level 1:colcon.colcon_core.package_identification:_identify(src) by extension 'ros'
[0.333s] Level 1:colcon.colcon_core.package_identification:_identify(src) by extensions ['cmake', 'python']
[0.333s] Level 1:colcon.colcon_core.package_identification:_identify(src) by extension 'cmake'
[0.334s] Level 1:colcon.colcon_core.package_identification:_identify(src) by extension 'python'
[0.334s] Level 1:colcon.colcon_core.package_identification:_identify(src) by extensions ['python_setup_py']
[0.334s] Level 1:colcon.colcon_core.package_identification:_identify(src) by extension 'python_setup_py'
[0.334s] Level 1:colcon.colcon_core.package_identification:_identify(src/launch_tutorial) by extensions ['ignore', 'ignore_ament_install']
[0.334s] Level 1:colcon.colcon_core.package_identification:_identify(src/launch_tutorial) by extension 'ignore'
[0.334s] Level 1:colcon.colcon_core.package_identification:_identify(src/launch_tutorial) by extension 'ignore_ament_install'
[0.334s] Level 1:colcon.colcon_core.package_identification:_identify(src/launch_tutorial) by extensions ['colcon_pkg']
[0.334s] Level 1:colcon.colcon_core.package_identification:_identify(src/launch_tutorial) by extension 'colcon_pkg'
[0.334s] Level 1:colcon.colcon_core.package_identification:_identify(src/launch_tutorial) by extensions ['colcon_meta']
[0.334s] Level 1:colcon.colcon_core.package_identification:_identify(src/launch_tutorial) by extension 'colcon_meta'
[0.334s] Level 1:colcon.colcon_core.package_identification:_identify(src/launch_tutorial) by extensions ['ros']
[0.334s] Level 1:colcon.colcon_core.package_identification:_identify(src/launch_tutorial) by extension 'ros'
[0.338s] DEBUG:colcon.colcon_core.package_identification:Package 'src/launch_tutorial' with type 'ros.ament_python' and name 'launch_tutorial'
[0.338s] Level 1:colcon.colcon_core.package_identification:_identify(src/py_launch_example) by extensions ['ignore', 'ignore_ament_install']
[0.339s] Level 1:colcon.colcon_core.package_identification:_identify(src/py_launch_example) by extension 'ignore'
[0.339s] Level 1:colcon.colcon_core.package_identification:_identify(src/py_launch_example) by extension 'ignore_ament_install'
[0.339s] Level 1:colcon.colcon_core.package_identification:_identify(src/py_launch_example) by extensions ['colcon_pkg']
[0.339s] Level 1:colcon.colcon_core.package_identification:_identify(src/py_launch_example) by extension 'colcon_pkg'
[0.339s] Level 1:colcon.colcon_core.package_identification:_identify(src/py_launch_example) by extensions ['colcon_meta']
[0.339s] Level 1:colcon.colcon_core.package_identification:_identify(src/py_launch_example) by extension 'colcon_meta'
[0.339s] Level 1:colcon.colcon_core.package_identification:_identify(src/py_launch_example) by extensions ['ros']
[0.339s] Level 1:colcon.colcon_core.package_identification:_identify(src/py_launch_example) by extension 'ros'
[0.340s] DEBUG:colcon.colcon_core.package_identification:Package 'src/py_launch_example' with type 'ros.ament_python' and name 'py_launch_example'
[0.340s] Level 1:colcon.colcon_core.package_discovery:discover_packages(recursive) using defaults
[0.340s] Level 1:colcon.colcon_core.package_discovery:discover_packages(ignore) discover
[0.340s] Level 1:colcon.colcon_core.package_discovery:discover_packages(ignore) using defaults
[0.340s] Level 1:colcon.colcon_core.package_discovery:discover_packages(path) discover
[0.340s] Level 1:colcon.colcon_core.package_discovery:discover_packages(path) using defaults
[0.373s] Level 5:colcon.colcon_core.verb:set package 'launch_tutorial' build argument 'cmake_args' from command line to 'None'
[0.373s] Level 5:colcon.colcon_core.verb:set package 'launch_tutorial' build argument 'cmake_target' from command line to 'None'
[0.373s] Level 5:colcon.colcon_core.verb:set package 'launch_tutorial' build argument 'cmake_target_skip_unavailable' from command line to 'False'
[0.373s] Level 5:colcon.colcon_core.verb:set package 'launch_tutorial' build argument 'cmake_clean_cache' from command line to 'False'
[0.374s] Level 5:colcon.colcon_core.verb:set package 'launch_tutorial' build argument 'cmake_clean_first' from command line to 'False'
[0.374s] Level 5:colcon.colcon_core.verb:set package 'launch_tutorial' build argument 'cmake_force_configure' from command line to 'False'
[0.374s] Level 5:colcon.colcon_core.verb:set package 'launch_tutorial' build argument 'ament_cmake_args' from command line to 'None'
[0.374s] Level 5:colcon.colcon_core.verb:set package 'launch_tutorial' build argument 'catkin_cmake_args' from command line to 'None'
[0.374s] Level 5:colcon.colcon_core.verb:set package 'launch_tutorial' build argument 'catkin_skip_building_tests' from command line to 'False'
[0.374s] DEBUG:colcon.colcon_core.verb:Building package 'launch_tutorial' with the following arguments: {'ament_cmake_args': None, 'build_base': '/home/eilero/launch_ws/build/launch_tutorial', 'catkin_cmake_args': None, 'catkin_skip_building_tests': False, 'cmake_args': None, 'cmake_clean_cache': False, 'cmake_clean_first': False, 'cmake_force_configure': False, 'cmake_target': None, 'cmake_target_skip_unavailable': False, 'install_base': '/home/eilero/launch_ws/install/launch_tutorial', 'merge_install': False, 'path': '/home/eilero/launch_ws/src/launch_tutorial', 'symlink_install': False, 'test_result_base': None}
[0.374s] Level 5:colcon.colcon_core.verb:set package 'py_launch_example' build argument 'cmake_args' from command line to 'None'
[0.374s] Level 5:colcon.colcon_core.verb:set package 'py_launch_example' build argument 'cmake_target' from command line to 'None'
[0.374s] Level 5:colcon.colcon_core.verb:set package 'py_launch_example' build argument 'cmake_target_skip_unavailable' from command line to 'False'
[0.374s] Level 5:colcon.colcon_core.verb:set package 'py_launch_example' build argument 'cmake_clean_cache' from command line to 'False'
[0.374s] Level 5:colcon.colcon_core.verb:set package 'py_launch_example' build argument 'cmake_clean_first' from command line to 'False'
[0.374s] Level 5:colcon.colcon_core.verb:set package 'py_launch_example' build argument 'cmake_force_configure' from command line to 'False'
[0.374s] Level 5:colcon.colcon_core.verb:set package 'py_launch_example' build argument 'ament_cmake_args' from command line to 'None'
[0.374s] Level 5:colcon.colcon_core.verb:set package 'py_launch_example' build argument 'catkin_cmake_args' from command line to 'None'
[0.374s] Level 5:colcon.colcon_core.verb:set package 'py_launch_example' build argument 'catkin_skip_building_tests' from command line to 'False'
[0.374s] DEBUG:colcon.colcon_core.verb:Building package 'py_launch_example' with the following arguments: {'ament_cmake_args': None, 'build_base': '/home/eilero/launch_ws/build/py_launch_example', 'catkin_cmake_args': None, 'catkin_skip_building_tests': False, 'cmake_args': None, 'cmake_clean_cache': False, 'cmake_clean_first': False, 'cmake_force_configure': False, 'cmake_target': None, 'cmake_target_skip_unavailable': False, 'install_base': '/home/eilero/launch_ws/install/py_launch_example', 'merge_install': False, 'path': '/home/eilero/launch_ws/src/py_launch_example', 'symlink_install': False, 'test_result_base': None}
[0.375s] INFO:colcon.colcon_core.executor:Executing jobs using 'parallel' executor
[0.376s] DEBUG:colcon.colcon_parallel_executor.executor.parallel:run_until_complete
[0.376s] INFO:colcon.colcon_ros.task.ament_python.build:Building ROS package in '/home/eilero/launch_ws/src/launch_tutorial' with build type 'ament_python'
[0.377s] Level 1:colcon.colcon_core.shell:create_environment_hook('launch_tutorial', 'ament_prefix_path')
[0.384s] INFO:colcon.colcon_core.plugin_system:Skipping extension 'colcon_core.shell.bat': Not used on non-Windows systems
[0.385s] INFO:colcon.colcon_core.shell:Creating environment hook '/home/eilero/launch_ws/install/launch_tutorial/share/launch_tutorial/hook/ament_prefix_path.ps1'
[0.386s] INFO:colcon.colcon_core.shell:Creating environment descriptor '/home/eilero/launch_ws/install/launch_tutorial/share/launch_tutorial/hook/ament_prefix_path.dsv'
[0.386s] INFO:colcon.colcon_core.shell:Creating environment hook '/home/eilero/launch_ws/install/launch_tutorial/share/launch_tutorial/hook/ament_prefix_path.sh'
[0.387s] INFO:colcon.colcon_core.shell:Skip shell extension 'powershell' for command environment: Not usable outside of PowerShell
[0.388s] DEBUG:colcon.colcon_core.shell:Skip shell extension 'dsv' for command environment
[0.395s] INFO:colcon.colcon_ros.task.ament_python.build:Building ROS package in '/home/eilero/launch_ws/src/py_launch_example' with build type 'ament_python'
[0.395s] Level 1:colcon.colcon_core.shell:create_environment_hook('py_launch_example', 'ament_prefix_path')
[0.395s] INFO:colcon.colcon_core.shell:Creating environment hook '/home/eilero/launch_ws/install/py_launch_example/share/py_launch_example/hook/ament_prefix_path.ps1'
[0.399s] INFO:colcon.colcon_core.shell:Creating environment descriptor '/home/eilero/launch_ws/install/py_launch_example/share/py_launch_example/hook/ament_prefix_path.dsv'
[0.399s] INFO:colcon.colcon_core.shell:Creating environment hook '/home/eilero/launch_ws/install/py_launch_example/share/py_launch_example/hook/ament_prefix_path.sh'
[0.400s] INFO:colcon.colcon_core.shell:Skip shell extension 'powershell' for command environment: Not usable outside of PowerShell
[0.400s] DEBUG:colcon.colcon_core.shell:Skip shell extension 'dsv' for command environment
[0.759s] INFO:colcon.colcon_core.task.python.build:Building Python package in '/home/eilero/launch_ws/src/launch_tutorial'
[0.759s] INFO:colcon.colcon_core.shell:Skip shell extension 'powershell' for command environment: Not usable outside of PowerShell
[0.759s] DEBUG:colcon.colcon_core.shell:Skip shell extension 'dsv' for command environment
[1.105s] INFO:colcon.colcon_core.task.python.build:Building Python package in '/home/eilero/launch_ws/src/py_launch_example'
[1.105s] INFO:colcon.colcon_core.shell:Skip shell extension 'powershell' for command environment: Not usable outside of PowerShell
[1.105s] DEBUG:colcon.colcon_core.shell:Skip shell extension 'dsv' for command environment
[1.822s] DEBUG:colcon.colcon_core.event_handler.log_command:Invoking command in '/home/eilero/launch_ws/src/py_launch_example': PYTHONPATH=/home/eilero/launch_ws/build/py_launch_example/prefix_override:/usr/lib/python3/dist-packages/colcon_core/task/python/colcon_distutils_commands:/home/eilero/launch_ws/install/py_launch_example/lib/python3.12/site-packages:${PYTHONPATH} /usr/bin/python3 -W ignore:setup.py install is deprecated -W ignore:easy_install command is deprecated setup.py egg_info --egg-base ../../build/py_launch_example build --build-base /home/eilero/launch_ws/build/py_launch_example/build install --record /home/eilero/launch_ws/build/py_launch_example/install.log --single-version-externally-managed install_data
[1.826s] DEBUG:colcon.colcon_core.event_handler.log_command:Invoking command in '/home/eilero/launch_ws/src/launch_tutorial': PYTHONPATH=/home/eilero/launch_ws/build/launch_tutorial/prefix_override:/usr/lib/python3/dist-packages/colcon_core/task/python/colcon_distutils_commands:/home/eilero/launch_ws/install/launch_tutorial/lib/python3.12/site-packages:${PYTHONPATH} /usr/bin/python3 -W ignore:setup.py install is deprecated -W ignore:easy_install command is deprecated setup.py egg_info --egg-base ../../build/launch_tutorial build --build-base /home/eilero/launch_ws/build/launch_tutorial/build install --record /home/eilero/launch_ws/build/launch_tutorial/install.log --single-version-externally-managed install_data
[2.223s] DEBUG:colcon.colcon_core.event_handler.log_command:Invoked command in '/home/eilero/launch_ws/src/py_launch_example' returned '0': PYTHONPATH=/home/eilero/launch_ws/build/py_launch_example/prefix_override:/usr/lib/python3/dist-packages/colcon_core/task/python/colcon_distutils_commands:/home/eilero/launch_ws/install/py_launch_example/lib/python3.12/site-packages:${PYTHONPATH} /usr/bin/python3 -W ignore:setup.py install is deprecated -W ignore:easy_install command is deprecated setup.py egg_info --egg-base ../../build/py_launch_example build --build-base /home/eilero/launch_ws/build/py_launch_example/build install --record /home/eilero/launch_ws/build/py_launch_example/install.log --single-version-externally-managed install_data
[2.225s] Level 1:colcon.colcon_core.environment:checking '/home/eilero/launch_ws/install/py_launch_example' for CMake module files
[2.225s] Level 1:colcon.colcon_core.environment:checking '/home/eilero/launch_ws/install/py_launch_example' for CMake config files
[2.226s] Level 1:colcon.colcon_core.environment:checking '/home/eilero/launch_ws/install/py_launch_example/lib'
[2.226s] Level 1:colcon.colcon_core.environment:checking '/home/eilero/launch_ws/install/py_launch_example/bin'
[2.226s] Level 1:colcon.colcon_core.environment:checking '/home/eilero/launch_ws/install/py_launch_example/lib/pkgconfig/py_launch_example.pc'
[2.226s] Level 1:colcon.colcon_core.environment:checking '/home/eilero/launch_ws/install/py_launch_example/lib/python3.12/site-packages'
[2.226s] Level 1:colcon.colcon_core.shell:create_environment_hook('py_launch_example', 'pythonpath')
[2.226s] INFO:colcon.colcon_core.shell:Creating environment hook '/home/eilero/launch_ws/install/py_launch_example/share/py_launch_example/hook/pythonpath.ps1'
[2.227s] INFO:colcon.colcon_core.shell:Creating environment descriptor '/home/eilero/launch_ws/install/py_launch_example/share/py_launch_example/hook/pythonpath.dsv'
[2.227s] INFO:colcon.colcon_core.shell:Creating environment hook '/home/eilero/launch_ws/install/py_launch_example/share/py_launch_example/hook/pythonpath.sh'
[2.228s] Level 1:colcon.colcon_core.environment:checking '/home/eilero/launch_ws/install/py_launch_example/bin'
[2.228s] Level 1:colcon.colcon_core.environment:create_environment_scripts_only(py_launch_example)
[2.228s] INFO:colcon.colcon_core.shell:Creating package script '/home/eilero/launch_ws/install/py_launch_example/share/py_launch_example/package.ps1'
[2.228s] INFO:colcon.colcon_core.shell:Creating package descriptor '/home/eilero/launch_ws/install/py_launch_example/share/py_launch_example/package.dsv'
[2.229s] INFO:colcon.colcon_core.shell:Creating package script '/home/eilero/launch_ws/install/py_launch_example/share/py_launch_example/package.sh'
[2.229s] INFO:colcon.colcon_core.shell:Creating package script '/home/eilero/launch_ws/install/py_launch_example/share/py_launch_example/package.bash'
[2.229s] INFO:colcon.colcon_core.shell:Creating package script '/home/eilero/launch_ws/install/py_launch_example/share/py_launch_example/package.zsh'
[2.230s] Level 1:colcon.colcon_core.environment:create_file_with_runtime_dependencies(/home/eilero/launch_ws/install/py_launch_example/share/colcon-core/packages/py_launch_example)
[2.230s] Level 1:colcon.colcon_core.environment:checking '/home/eilero/launch_ws/install/launch_tutorial' for CMake module files
[2.231s] Level 1:colcon.colcon_core.environment:checking '/home/eilero/launch_ws/install/launch_tutorial' for CMake config files
[2.231s] DEBUG:colcon.colcon_core.event_handler.log_command:Invoked command in '/home/eilero/launch_ws/src/launch_tutorial' returned '0': PYTHONPATH=/home/eilero/launch_ws/build/launch_tutorial/prefix_override:/usr/lib/python3/dist-packages/colcon_core/task/python/colcon_distutils_commands:/home/eilero/launch_ws/install/launch_tutorial/lib/python3.12/site-packages:${PYTHONPATH} /usr/bin/python3 -W ignore:setup.py install is deprecated -W ignore:easy_install command is deprecated setup.py egg_info --egg-base ../../build/launch_tutorial build --build-base /home/eilero/launch_ws/build/launch_tutorial/build install --record /home/eilero/launch_ws/build/launch_tutorial/install.log --single-version-externally-managed install_data
[2.232s] Level 1:colcon.colcon_core.environment:checking '/home/eilero/launch_ws/install/launch_tutorial/lib'
[2.232s] Level 1:colcon.colcon_core.environment:checking '/home/eilero/launch_ws/install/launch_tutorial/bin'
[2.232s] Level 1:colcon.colcon_core.environment:checking '/home/eilero/launch_ws/install/launch_tutorial/lib/pkgconfig/launch_tutorial.pc'
[2.232s] Level 1:colcon.colcon_core.environment:checking '/home/eilero/launch_ws/install/launch_tutorial/lib/python3.12/site-packages'
[2.232s] Level 1:colcon.colcon_core.shell:create_environment_hook('launch_tutorial', 'pythonpath')
[2.232s] INFO:colcon.colcon_core.shell:Creating environment hook '/home/eilero/launch_ws/install/launch_tutorial/share/launch_tutorial/hook/pythonpath.ps1'
[2.232s] INFO:colcon.colcon_core.shell:Creating environment descriptor '/home/eilero/launch_ws/install/launch_tutorial/share/launch_tutorial/hook/pythonpath.dsv'
[2.233s] INFO:colcon.colcon_core.shell:Creating environment hook '/home/eilero/launch_ws/install/launch_tutorial/share/launch_tutorial/hook/pythonpath.sh'
[2.233s] Level 1:colcon.colcon_core.environment:checking '/home/eilero/launch_ws/install/launch_tutorial/bin'
[2.233s] Level 1:colcon.colcon_core.environment:create_environment_scripts_only(launch_tutorial)
[2.233s] INFO:colcon.colcon_core.shell:Creating package script '/home/eilero/launch_ws/install/launch_tutorial/share/launch_tutorial/package.ps1'
[2.234s] INFO:colcon.colcon_core.shell:Creating package descriptor '/home/eilero/launch_ws/install/launch_tutorial/share/launch_tutorial/package.dsv'
[2.234s] INFO:colcon.colcon_core.shell:Creating package script '/home/eilero/launch_ws/install/launch_tutorial/share/launch_tutorial/package.sh'
[2.234s] INFO:colcon.colcon_core.shell:Creating package script '/home/eilero/launch_ws/install/launch_tutorial/share/launch_tutorial/package.bash'
[2.235s] INFO:colcon.colcon_core.shell:Creating package script '/home/eilero/launch_ws/install/launch_tutorial/share/launch_tutorial/package.zsh'
[2.235s] Level 1:colcon.colcon_core.environment:create_file_with_runtime_dependencies(/home/eilero/launch_ws/install/launch_tutorial/share/colcon-core/packages/launch_tutorial)
[2.235s] DEBUG:colcon.colcon_parallel_executor.executor.parallel:closing loop
[2.235s] DEBUG:colcon.colcon_parallel_executor.executor.parallel:loop closed
[2.235s] DEBUG:colcon.colcon_parallel_executor.executor.parallel:run_until_complete finished with '0'
[2.236s] DEBUG:colcon.colcon_core.event_reactor:joining thread
[2.240s] INFO:colcon.colcon_core.plugin_system:Skipping extension 'colcon_notification.desktop_notification.notify_send': Could not find 'notify-send'
[2.240s] INFO:colcon.colcon_core.plugin_system:Skipping extension 'colcon_notification.desktop_notification.terminal_notifier': Not used on non-Darwin systems
[2.240s] INFO:colcon.colcon_core.plugin_system:Skipping extension 'colcon_notification.desktop_notification.win32': Not used on non-Windows systems
[2.240s] INFO:colcon.colcon_notification.desktop_notification:Sending desktop notification using 'notify2'
[2.243s] DEBUG:colcon.colcon_notification.desktop_notification.notify2:Failed to initialize notify2: org.freedesktop.DBus.Error.Spawn.ExecFailed: /usr/bin/dbus-launch terminated abnormally without any error message
[2.243s] DEBUG:colcon.colcon_core.event_reactor:joined thread
[2.244s] INFO:colcon.colcon_core.shell:Creating prefix script '/home/eilero/launch_ws/install/local_setup.ps1'
[2.244s] INFO:colcon.colcon_core.shell:Creating prefix util module '/home/eilero/launch_ws/install/_local_setup_util_ps1.py'
[2.245s] INFO:colcon.colcon_core.shell:Creating prefix chain script '/home/eilero/launch_ws/install/setup.ps1'
[2.246s] INFO:colcon.colcon_core.shell:Creating prefix script '/home/eilero/launch_ws/install/local_setup.sh'
[2.247s] INFO:colcon.colcon_core.shell:Creating prefix util module '/home/eilero/launch_ws/install/_local_setup_util_sh.py'
[2.247s] INFO:colcon.colcon_core.shell:Creating prefix chain script '/home/eilero/launch_ws/install/setup.sh'
[2.248s] INFO:colcon.colcon_core.shell:Creating prefix script '/home/eilero/launch_ws/install/local_setup.bash'
[2.250s] INFO:colcon.colcon_core.shell:Creating prefix chain script '/home/eilero/launch_ws/install/setup.bash'
[2.250s] INFO:colcon.colcon_core.shell:Creating prefix script '/home/eilero/launch_ws/install/local_setup.zsh'
[2.251s] INFO:colcon.colcon_core.shell:Creating prefix chain script '/home/eilero/launch_ws/install/setup.zsh'
