[1.349s] Invoking command in '/home/eilero/launch_ws/src/py_launch_example': PYTHONPATH=/home/eilero/launch_ws/build/py_launch_example/prefix_override:/usr/lib/python3/dist-packages/colcon_core/task/python/colcon_distutils_commands:/home/eilero/launch_ws/install/py_launch_example/lib/python3.12/site-packages:${PYTHONPATH} /usr/bin/python3 -W ignore:setup.py install is deprecated -W ignore:easy_install command is deprecated setup.py egg_info --egg-base ../../build/py_launch_example build --build-base /home/eilero/launch_ws/build/py_launch_example/build install --record /home/eilero/launch_ws/build/py_launch_example/install.log --single-version-externally-managed install_data
[1.690s] running egg_info
[1.690s] creating ../../build/py_launch_example/py_launch_example.egg-info
[1.711s] writing ../../build/py_launch_example/py_launch_example.egg-info/PKG-INFO
[1.712s] writing dependency_links to ../../build/py_launch_example/py_launch_example.egg-info/dependency_links.txt
[1.712s] writing requirements to ../../build/py_launch_example/py_launch_example.egg-info/requires.txt
[1.712s] writing top-level names to ../../build/py_launch_example/py_launch_example.egg-info/top_level.txt
[1.713s] writing manifest file '../../build/py_launch_example/py_launch_example.egg-info/SOURCES.txt'
[1.755s] reading manifest file '../../build/py_launch_example/py_launch_example.egg-info/SOURCES.txt'
[1.755s] adding license file 'LICENSE'
[1.756s] writing manifest file '../../build/py_launch_example/py_launch_example.egg-info/SOURCES.txt'
[1.756s] running build
[1.756s] running build_py
[1.756s] creating /home/eilero/launch_ws/build/py_launch_example/build
[1.757s] creating /home/eilero/launch_ws/build/py_launch_example/build/lib
[1.757s] creating /home/eilero/launch_ws/build/py_launch_example/build/lib/py_launch_example
[1.757s] copying py_launch_example/__init__.py -> /home/eilero/launch_ws/build/py_launch_example/build/lib/py_launch_example
[1.757s] running install
[1.766s] running install_lib
[1.788s] creating /home/eilero/launch_ws/install/py_launch_example/lib/python3.12/site-packages/py_launch_example
[1.788s] copying /home/eilero/launch_ws/build/py_launch_example/build/lib/py_launch_example/__init__.py -> /home/eilero/launch_ws/install/py_launch_example/lib/python3.12/site-packages/py_launch_example
[1.788s] byte-compiling /home/eilero/launch_ws/install/py_launch_example/lib/python3.12/site-packages/py_launch_example/__init__.py to __init__.cpython-312.pyc
[1.789s] running install_data
[1.789s] creating /home/eilero/launch_ws/install/py_launch_example/share/ament_index
[1.789s] creating /home/eilero/launch_ws/install/py_launch_example/share/ament_index/resource_index
[1.789s] creating /home/eilero/launch_ws/install/py_launch_example/share/ament_index/resource_index/packages
[1.790s] copying resource/py_launch_example -> /home/eilero/launch_ws/install/py_launch_example/share/ament_index/resource_index/packages
[1.790s] copying package.xml -> /home/eilero/launch_ws/install/py_launch_example/share/py_launch_example
[1.790s] creating /home/eilero/launch_ws/install/py_launch_example/share/py_launch_example/launch
[1.790s] copying launch/my_script_launch.py -> /home/eilero/launch_ws/install/py_launch_example/share/py_launch_example/launch
[1.790s] running install_egg_info
[1.815s] Copying ../../build/py_launch_example/py_launch_example.egg-info to /home/eilero/launch_ws/install/py_launch_example/lib/python3.12/site-packages/py_launch_example-0.0.0-py3.12.egg-info
[1.816s] running install_scripts
[1.976s] writing list of installed files to '/home/eilero/launch_ws/build/py_launch_example/install.log'
[2.032s] Invoked command in '/home/eilero/launch_ws/src/py_launch_example' returned '0': PYTHONPATH=/home/eilero/launch_ws/build/py_launch_example/prefix_override:/usr/lib/python3/dist-packages/colcon_core/task/python/colcon_distutils_commands:/home/eilero/launch_ws/install/py_launch_example/lib/python3.12/site-packages:${PYTHONPATH} /usr/bin/python3 -W ignore:setup.py install is deprecated -W ignore:easy_install command is deprecated setup.py egg_info --egg-base ../../build/py_launch_example build --build-base /home/eilero/launch_ws/build/py_launch_example/build install --record /home/eilero/launch_ws/build/py_launch_example/install.log --single-version-externally-managed install_data
