running egg_info
creating ../../build/turtle_tf2_py/turtle_tf2_py.egg-info
writing ../../build/turtle_tf2_py/turtle_tf2_py.egg-info/PKG-INFO
writing dependency_links to ../../build/turtle_tf2_py/turtle_tf2_py.egg-info/dependency_links.txt
writing requirements to ../../build/turtle_tf2_py/turtle_tf2_py.egg-info/requires.txt
writing top-level names to ../../build/turtle_tf2_py/turtle_tf2_py.egg-info/top_level.txt
writing manifest file '../../build/turtle_tf2_py/turtle_tf2_py.egg-info/SOURCES.txt'
reading manifest file '../../build/turtle_tf2_py/turtle_tf2_py.egg-info/SOURCES.txt'
adding license file 'LICENSE'
writing manifest file '../../build/turtle_tf2_py/turtle_tf2_py.egg-info/SOURCES.txt'
running build
running build_py
creating /home/eilero/launch_ws/build/turtle_tf2_py/build
creating /home/eilero/launch_ws/build/turtle_tf2_py/build/lib
creating /home/eilero/launch_ws/build/turtle_tf2_py/build/lib/turtle_tf2_py
copying turtle_tf2_py/__init__.py -> /home/eilero/launch_ws/build/turtle_tf2_py/build/lib/turtle_tf2_py
running install
running install_lib
creating /home/eilero/launch_ws/install/turtle_tf2_py/lib/python3.12/site-packages/turtle_tf2_py
copying /home/eilero/launch_ws/build/turtle_tf2_py/build/lib/turtle_tf2_py/__init__.py -> /home/eilero/launch_ws/install/turtle_tf2_py/lib/python3.12/site-packages/turtle_tf2_py
byte-compiling /home/eilero/launch_ws/install/turtle_tf2_py/lib/python3.12/site-packages/turtle_tf2_py/__init__.py to __init__.cpython-312.pyc
running install_data
creating /home/eilero/launch_ws/install/turtle_tf2_py/share/ament_index
creating /home/eilero/launch_ws/install/turtle_tf2_py/share/ament_index/resource_index
creating /home/eilero/launch_ws/install/turtle_tf2_py/share/ament_index/resource_index/packages
copying resource/turtle_tf2_py -> /home/eilero/launch_ws/install/turtle_tf2_py/share/ament_index/resource_index/packages
copying package.xml -> /home/eilero/launch_ws/install/turtle_tf2_py/share/turtle_tf2_py
running install_egg_info
Copying ../../build/turtle_tf2_py/turtle_tf2_py.egg-info to /home/eilero/launch_ws/install/turtle_tf2_py/lib/python3.12/site-packages/turtle_tf2_py-0.0.0-py3.12.egg-info
running install_scripts
writing list of installed files to '/home/eilero/launch_ws/build/turtle_tf2_py/install.log'
