[1.316s] Invoking command in '/home/eilero/launch_ws/src/launch_tutorial': PYTHONPATH=/home/eilero/launch_ws/build/launch_tutorial/prefix_override:/usr/lib/python3/dist-packages/colcon_core/task/python/colcon_distutils_commands:/home/eilero/launch_ws/install/launch_tutorial/lib/python3.12/site-packages:${PYTHONPATH} /usr/bin/python3 -W ignore:setup.py install is deprecated -W ignore:easy_install command is deprecated setup.py egg_info --egg-base ../../build/launch_tutorial build --build-base /home/eilero/launch_ws/build/launch_tutorial/build install --record /home/eilero/launch_ws/build/launch_tutorial/install.log --single-version-externally-managed install_data
[1.657s] running egg_info
[1.677s] writing ../../build/launch_tutorial/launch_tutorial.egg-info/PKG-INFO
[1.677s] writing dependency_links to ../../build/launch_tutorial/launch_tutorial.egg-info/dependency_links.txt
[1.677s] writing requirements to ../../build/launch_tutorial/launch_tutorial.egg-info/requires.txt
[1.678s] writing top-level names to ../../build/launch_tutorial/launch_tutorial.egg-info/top_level.txt
[1.718s] reading manifest file '../../build/launch_tutorial/launch_tutorial.egg-info/SOURCES.txt'
[1.719s] adding license file 'LICENSE'
[1.720s] writing manifest file '../../build/launch_tutorial/launch_tutorial.egg-info/SOURCES.txt'
[1.720s] running build
[1.720s] running build_py
[1.720s] running install
[1.729s] running install_lib
[1.751s] running install_data
[1.751s] copying launch/example_substitutions_launch.py -> /home/eilero/launch_ws/install/launch_tutorial/share/launch_tutorial/launch
[1.751s] running install_egg_info
[1.774s] removing '/home/eilero/launch_ws/install/launch_tutorial/lib/python3.12/site-packages/launch_tutorial-0.0.0-py3.12.egg-info' (and everything under it)
[1.774s] Copying ../../build/launch_tutorial/launch_tutorial.egg-info to /home/eilero/launch_ws/install/launch_tutorial/lib/python3.12/site-packages/launch_tutorial-0.0.0-py3.12.egg-info
[1.775s] running install_scripts
[1.926s] writing list of installed files to '/home/eilero/launch_ws/build/launch_tutorial/install.log'
[1.972s] Invoked command in '/home/eilero/launch_ws/src/launch_tutorial' returned '0': PYTHONPATH=/home/eilero/launch_ws/build/launch_tutorial/prefix_override:/usr/lib/python3/dist-packages/colcon_core/task/python/colcon_distutils_commands:/home/eilero/launch_ws/install/launch_tutorial/lib/python3.12/site-packages:${PYTHONPATH} /usr/bin/python3 -W ignore:setup.py install is deprecated -W ignore:easy_install command is deprecated setup.py egg_info --egg-base ../../build/launch_tutorial build --build-base /home/eilero/launch_ws/build/launch_tutorial/build install --record /home/eilero/launch_ws/build/launch_tutorial/install.log --single-version-externally-managed install_data
