[0.163s] DEBUG:colcon:Command line arguments: ['/usr/bin/colcon', 'build']
[0.163s] DEBUG:colcon:Parsed command line arguments: Namespace(log_base=None, log_level=None, verb_name='build', build_base='build', install_base='install', merge_install=False, symlink_install=False, test_result_base=None, continue_on_error=False, executor='parallel', parallel_workers=16, event_handlers=None, ignore_user_meta=False, metas=['./colcon.meta'], base_paths=['.'], packages_ignore=None, packages_ignore_regex=None, paths=None, packages_up_to=None, packages_up_to_regex=None, packages_above=None, packages_above_and_dependencies=None, packages_above_depth=None, packages_select_by_dep=None, packages_skip_by_dep=None, packages_skip_up_to=None, packages_select_build_failed=False, packages_skip_build_finished=False, packages_select_test_failures=False, packages_skip_test_passed=False, packages_select=None, packages_skip=None, packages_select_regex=None, packages_skip_regex=None, packages_start=None, packages_end=None, cmake_args=None, cmake_target=None, cmake_target_skip_unavailable=False, cmake_clean_cache=False, cmake_clean_first=False, cmake_force_configure=False, ament_cmake_args=None, catkin_cmake_args=None, catkin_skip_building_tests=False, mixin_files=None, mixin=None, verb_parser=<colcon_mixin.mixin.mixin_argument.MixinArgumentDecorator object at 0x75bef02b6b70>, verb_extension=<colcon_core.verb.build.BuildVerb object at 0x75bef0260ad0>, main=<bound method BuildVerb.main of <colcon_core.verb.build.BuildVerb object at 0x75bef0260ad0>>, mixin_verb=('build',))
[0.226s] Level 1:colcon.colcon_core.package_discovery:discover_packages(colcon_meta) check parameters
[0.227s] INFO:colcon.colcon_metadata.package_discovery.colcon_meta:Using configuration from '/root/.colcon/metadata/default/Gazebo.meta'
[0.227s] INFO:colcon.colcon_metadata.package_discovery.colcon_meta:Using configuration from '/root/.colcon/metadata/default/fastdds.meta'
[0.228s] INFO:colcon.colcon_metadata.package_discovery.colcon_meta:Using configuration from '/root/.colcon/metadata/default/fastrtps.meta'
[0.228s] Level 1:colcon.colcon_core.package_discovery:discover_packages(recursive) check parameters
[0.228s] Level 1:colcon.colcon_core.package_discovery:discover_packages(ignore) check parameters
[0.228s] Level 1:colcon.colcon_core.package_discovery:discover_packages(path) check parameters
[0.228s] Level 1:colcon.colcon_core.package_discovery:discover_packages(colcon_meta) discover
[0.228s] Level 1:colcon.colcon_core.package_discovery:discover_packages(recursive) discover
[0.228s] INFO:colcon.colcon_core.package_discovery:Crawling recursively for packages in '/home/eilero/launch_ws'
[0.228s] Level 1:colcon.colcon_core.package_identification:_identify(.) by extensions ['ignore', 'ignore_ament_install']
[0.228s] Level 1:colcon.colcon_core.package_identification:_identify(.) by extension 'ignore'
[0.229s] Level 1:colcon.colcon_core.package_identification:_identify(.) by extension 'ignore_ament_install'
[0.229s] Level 1:colcon.colcon_core.package_identification:_identify(.) by extensions ['colcon_pkg']
[0.229s] Level 1:colcon.colcon_core.package_identification:_identify(.) by extension 'colcon_pkg'
[0.229s] Level 1:colcon.colcon_core.package_identification:_identify(.) by extensions ['colcon_meta']
[0.229s] Level 1:colcon.colcon_core.package_identification:_identify(.) by extension 'colcon_meta'
[0.229s] Level 1:colcon.colcon_core.package_identification:_identify(.) by extensions ['ros']
[0.229s] Level 1:colcon.colcon_core.package_identification:_identify(.) by extension 'ros'
[0.269s] Level 1:colcon.colcon_core.package_identification:_identify(.) by extensions ['cmake', 'python']
[0.269s] Level 1:colcon.colcon_core.package_identification:_identify(.) by extension 'cmake'
[0.269s] Level 1:colcon.colcon_core.package_identification:_identify(.) by extension 'python'
[0.269s] Level 1:colcon.colcon_core.package_identification:_identify(.) by extensions ['python_setup_py']
[0.270s] Level 1:colcon.colcon_core.package_identification:_identify(.) by extension 'python_setup_py'
[0.270s] Level 1:colcon.colcon_core.package_identification:_identify(build) by extensions ['ignore', 'ignore_ament_install']
[0.270s] Level 1:colcon.colcon_core.package_identification:_identify(build) by extension 'ignore'
[0.270s] Level 1:colcon.colcon_core.package_identification:_identify(build) ignored
[0.270s] Level 1:colcon.colcon_core.package_identification:_identify(geometry_tutorials) by extensions ['ignore', 'ignore_ament_install']
[0.270s] Level 1:colcon.colcon_core.package_identification:_identify(geometry_tutorials) by extension 'ignore'
[0.270s] Level 1:colcon.colcon_core.package_identification:_identify(geometry_tutorials) by extension 'ignore_ament_install'
[0.271s] Level 1:colcon.colcon_core.package_identification:_identify(geometry_tutorials) by extensions ['colcon_pkg']
[0.271s] Level 1:colcon.colcon_core.package_identification:_identify(geometry_tutorials) by extension 'colcon_pkg'
[0.271s] Level 1:colcon.colcon_core.package_identification:_identify(geometry_tutorials) by extensions ['colcon_meta']
[0.271s] Level 1:colcon.colcon_core.package_identification:_identify(geometry_tutorials) by extension 'colcon_meta'
[0.271s] Level 1:colcon.colcon_core.package_identification:_identify(geometry_tutorials) by extensions ['ros']
[0.271s] Level 1:colcon.colcon_core.package_identification:_identify(geometry_tutorials) by extension 'ros'
[0.271s] Level 1:colcon.colcon_core.package_identification:_identify(geometry_tutorials) by extensions ['cmake', 'python']
[0.271s] Level 1:colcon.colcon_core.package_identification:_identify(geometry_tutorials) by extension 'cmake'
[0.271s] Level 1:colcon.colcon_core.package_identification:_identify(geometry_tutorials) by extension 'python'
[0.271s] Level 1:colcon.colcon_core.package_identification:_identify(geometry_tutorials) by extensions ['python_setup_py']
[0.271s] Level 1:colcon.colcon_core.package_identification:_identify(geometry_tutorials) by extension 'python_setup_py'
[0.271s] Level 1:colcon.colcon_core.package_identification:_identify(geometry_tutorials/geometry_tutorials) by extensions ['ignore', 'ignore_ament_install']
[0.271s] Level 1:colcon.colcon_core.package_identification:_identify(geometry_tutorials/geometry_tutorials) by extension 'ignore'
[0.271s] Level 1:colcon.colcon_core.package_identification:_identify(geometry_tutorials/geometry_tutorials) by extension 'ignore_ament_install'
[0.272s] Level 1:colcon.colcon_core.package_identification:_identify(geometry_tutorials/geometry_tutorials) by extensions ['colcon_pkg']
[0.272s] Level 1:colcon.colcon_core.package_identification:_identify(geometry_tutorials/geometry_tutorials) by extension 'colcon_pkg'
[0.272s] Level 1:colcon.colcon_core.package_identification:_identify(geometry_tutorials/geometry_tutorials) by extensions ['colcon_meta']
[0.272s] Level 1:colcon.colcon_core.package_identification:_identify(geometry_tutorials/geometry_tutorials) by extension 'colcon_meta'
[0.272s] Level 1:colcon.colcon_core.package_identification:_identify(geometry_tutorials/geometry_tutorials) by extensions ['ros']
[0.272s] Level 1:colcon.colcon_core.package_identification:_identify(geometry_tutorials/geometry_tutorials) by extension 'ros'
[0.276s] DEBUG:colcon.colcon_core.package_identification:Package 'geometry_tutorials/geometry_tutorials' with type 'ros.ament_cmake' and name 'geometry_tutorials'
[0.276s] Level 1:colcon.colcon_core.package_identification:_identify(geometry_tutorials/turtle_tf2_cpp) by extensions ['ignore', 'ignore_ament_install']
[0.276s] Level 1:colcon.colcon_core.package_identification:_identify(geometry_tutorials/turtle_tf2_cpp) by extension 'ignore'
[0.277s] Level 1:colcon.colcon_core.package_identification:_identify(geometry_tutorials/turtle_tf2_cpp) by extension 'ignore_ament_install'
[0.277s] Level 1:colcon.colcon_core.package_identification:_identify(geometry_tutorials/turtle_tf2_cpp) by extensions ['colcon_pkg']
[0.277s] Level 1:colcon.colcon_core.package_identification:_identify(geometry_tutorials/turtle_tf2_cpp) by extension 'colcon_pkg'
[0.277s] Level 1:colcon.colcon_core.package_identification:_identify(geometry_tutorials/turtle_tf2_cpp) by extensions ['colcon_meta']
[0.277s] Level 1:colcon.colcon_core.package_identification:_identify(geometry_tutorials/turtle_tf2_cpp) by extension 'colcon_meta'
[0.277s] Level 1:colcon.colcon_core.package_identification:_identify(geometry_tutorials/turtle_tf2_cpp) by extensions ['ros']
[0.277s] Level 1:colcon.colcon_core.package_identification:_identify(geometry_tutorials/turtle_tf2_cpp) by extension 'ros'
[0.278s] DEBUG:colcon.colcon_core.package_identification:Package 'geometry_tutorials/turtle_tf2_cpp' with type 'ros.ament_cmake' and name 'turtle_tf2_cpp'
[0.278s] Level 1:colcon.colcon_core.package_identification:_identify(geometry_tutorials/turtle_tf2_py) by extensions ['ignore', 'ignore_ament_install']
[0.279s] Level 1:colcon.colcon_core.package_identification:_identify(geometry_tutorials/turtle_tf2_py) by extension 'ignore'
[0.279s] Level 1:colcon.colcon_core.package_identification:_identify(geometry_tutorials/turtle_tf2_py) by extension 'ignore_ament_install'
[0.279s] Level 1:colcon.colcon_core.package_identification:_identify(geometry_tutorials/turtle_tf2_py) by extensions ['colcon_pkg']
[0.279s] Level 1:colcon.colcon_core.package_identification:_identify(geometry_tutorials/turtle_tf2_py) by extension 'colcon_pkg'
[0.279s] Level 1:colcon.colcon_core.package_identification:_identify(geometry_tutorials/turtle_tf2_py) by extensions ['colcon_meta']
[0.279s] Level 1:colcon.colcon_core.package_identification:_identify(geometry_tutorials/turtle_tf2_py) by extension 'colcon_meta'
[0.279s] Level 1:colcon.colcon_core.package_identification:_identify(geometry_tutorials/turtle_tf2_py) by extensions ['ros']
[0.279s] Level 1:colcon.colcon_core.package_identification:_identify(geometry_tutorials/turtle_tf2_py) by extension 'ros'
[0.280s] DEBUG:colcon.colcon_core.package_identification:Package 'geometry_tutorials/turtle_tf2_py' with type 'ros.ament_python' and name 'turtle_tf2_py'
[0.280s] Level 1:colcon.colcon_core.package_identification:_identify(install) by extensions ['ignore', 'ignore_ament_install']
[0.280s] Level 1:colcon.colcon_core.package_identification:_identify(install) by extension 'ignore'
[0.280s] Level 1:colcon.colcon_core.package_identification:_identify(install) ignored
[0.281s] Level 1:colcon.colcon_core.package_identification:_identify(log) by extensions ['ignore', 'ignore_ament_install']
[0.281s] Level 1:colcon.colcon_core.package_identification:_identify(log) by extension 'ignore'
[0.281s] Level 1:colcon.colcon_core.package_identification:_identify(log) ignored
[0.281s] Level 1:colcon.colcon_core.package_identification:_identify(src) by extensions ['ignore', 'ignore_ament_install']
[0.281s] Level 1:colcon.colcon_core.package_identification:_identify(src) by extension 'ignore'
[0.281s] Level 1:colcon.colcon_core.package_identification:_identify(src) by extension 'ignore_ament_install'
[0.281s] Level 1:colcon.colcon_core.package_identification:_identify(src) by extensions ['colcon_pkg']
[0.281s] Level 1:colcon.colcon_core.package_identification:_identify(src) by extension 'colcon_pkg'
[0.281s] Level 1:colcon.colcon_core.package_identification:_identify(src) by extensions ['colcon_meta']
[0.281s] Level 1:colcon.colcon_core.package_identification:_identify(src) by extension 'colcon_meta'
[0.281s] Level 1:colcon.colcon_core.package_identification:_identify(src) by extensions ['ros']
[0.281s] Level 1:colcon.colcon_core.package_identification:_identify(src) by extension 'ros'
[0.282s] Level 1:colcon.colcon_core.package_identification:_identify(src) by extensions ['cmake', 'python']
[0.282s] Level 1:colcon.colcon_core.package_identification:_identify(src) by extension 'cmake'
[0.282s] Level 1:colcon.colcon_core.package_identification:_identify(src) by extension 'python'
[0.282s] Level 1:colcon.colcon_core.package_identification:_identify(src) by extensions ['python_setup_py']
[0.282s] Level 1:colcon.colcon_core.package_identification:_identify(src) by extension 'python_setup_py'
[0.282s] Level 1:colcon.colcon_core.package_identification:_identify(src/launch_tutorial) by extensions ['ignore', 'ignore_ament_install']
[0.282s] Level 1:colcon.colcon_core.package_identification:_identify(src/launch_tutorial) by extension 'ignore'
[0.282s] Level 1:colcon.colcon_core.package_identification:_identify(src/launch_tutorial) by extension 'ignore_ament_install'
[0.282s] Level 1:colcon.colcon_core.package_identification:_identify(src/launch_tutorial) by extensions ['colcon_pkg']
[0.282s] Level 1:colcon.colcon_core.package_identification:_identify(src/launch_tutorial) by extension 'colcon_pkg'
[0.282s] Level 1:colcon.colcon_core.package_identification:_identify(src/launch_tutorial) by extensions ['colcon_meta']
[0.282s] Level 1:colcon.colcon_core.package_identification:_identify(src/launch_tutorial) by extension 'colcon_meta'
[0.282s] Level 1:colcon.colcon_core.package_identification:_identify(src/launch_tutorial) by extensions ['ros']
[0.282s] Level 1:colcon.colcon_core.package_identification:_identify(src/launch_tutorial) by extension 'ros'
[0.283s] DEBUG:colcon.colcon_core.package_identification:Package 'src/launch_tutorial' with type 'ros.ament_python' and name 'launch_tutorial'
[0.283s] Level 1:colcon.colcon_core.package_identification:_identify(src/py_launch_example) by extensions ['ignore', 'ignore_ament_install']
[0.283s] Level 1:colcon.colcon_core.package_identification:_identify(src/py_launch_example) by extension 'ignore'
[0.283s] Level 1:colcon.colcon_core.package_identification:_identify(src/py_launch_example) by extension 'ignore_ament_install'
[0.283s] Level 1:colcon.colcon_core.package_identification:_identify(src/py_launch_example) by extensions ['colcon_pkg']
[0.284s] Level 1:colcon.colcon_core.package_identification:_identify(src/py_launch_example) by extension 'colcon_pkg'
[0.284s] Level 1:colcon.colcon_core.package_identification:_identify(src/py_launch_example) by extensions ['colcon_meta']
[0.284s] Level 1:colcon.colcon_core.package_identification:_identify(src/py_launch_example) by extension 'colcon_meta'
[0.284s] Level 1:colcon.colcon_core.package_identification:_identify(src/py_launch_example) by extensions ['ros']
[0.284s] Level 1:colcon.colcon_core.package_identification:_identify(src/py_launch_example) by extension 'ros'
[0.284s] DEBUG:colcon.colcon_core.package_identification:Package 'src/py_launch_example' with type 'ros.ament_python' and name 'py_launch_example'
[0.284s] Level 1:colcon.colcon_core.package_discovery:discover_packages(recursive) using defaults
[0.285s] Level 1:colcon.colcon_core.package_discovery:discover_packages(ignore) discover
[0.285s] Level 1:colcon.colcon_core.package_discovery:discover_packages(ignore) using defaults
[0.285s] Level 1:colcon.colcon_core.package_discovery:discover_packages(path) discover
[0.285s] Level 1:colcon.colcon_core.package_discovery:discover_packages(path) using defaults
[0.313s] Level 5:colcon.colcon_core.verb:set package 'geometry_tutorials' build argument 'cmake_args' from command line to 'None'
[0.313s] Level 5:colcon.colcon_core.verb:set package 'geometry_tutorials' build argument 'cmake_target' from command line to 'None'
[0.313s] Level 5:colcon.colcon_core.verb:set package 'geometry_tutorials' build argument 'cmake_target_skip_unavailable' from command line to 'False'
[0.313s] Level 5:colcon.colcon_core.verb:set package 'geometry_tutorials' build argument 'cmake_clean_cache' from command line to 'False'
[0.313s] Level 5:colcon.colcon_core.verb:set package 'geometry_tutorials' build argument 'cmake_clean_first' from command line to 'False'
[0.313s] Level 5:colcon.colcon_core.verb:set package 'geometry_tutorials' build argument 'cmake_force_configure' from command line to 'False'
[0.313s] Level 5:colcon.colcon_core.verb:set package 'geometry_tutorials' build argument 'ament_cmake_args' from command line to 'None'
[0.313s] Level 5:colcon.colcon_core.verb:set package 'geometry_tutorials' build argument 'catkin_cmake_args' from command line to 'None'
[0.313s] Level 5:colcon.colcon_core.verb:set package 'geometry_tutorials' build argument 'catkin_skip_building_tests' from command line to 'False'
[0.313s] DEBUG:colcon.colcon_core.verb:Building package 'geometry_tutorials' with the following arguments: {'ament_cmake_args': None, 'build_base': '/home/eilero/launch_ws/build/geometry_tutorials', 'catkin_cmake_args': None, 'catkin_skip_building_tests': False, 'cmake_args': None, 'cmake_clean_cache': False, 'cmake_clean_first': False, 'cmake_force_configure': False, 'cmake_target': None, 'cmake_target_skip_unavailable': False, 'install_base': '/home/eilero/launch_ws/install/geometry_tutorials', 'merge_install': False, 'path': '/home/eilero/launch_ws/geometry_tutorials/geometry_tutorials', 'symlink_install': False, 'test_result_base': None}
[0.314s] Level 5:colcon.colcon_core.verb:set package 'launch_tutorial' build argument 'cmake_args' from command line to 'None'
[0.314s] Level 5:colcon.colcon_core.verb:set package 'launch_tutorial' build argument 'cmake_target' from command line to 'None'
[0.314s] Level 5:colcon.colcon_core.verb:set package 'launch_tutorial' build argument 'cmake_target_skip_unavailable' from command line to 'False'
[0.314s] Level 5:colcon.colcon_core.verb:set package 'launch_tutorial' build argument 'cmake_clean_cache' from command line to 'False'
[0.314s] Level 5:colcon.colcon_core.verb:set package 'launch_tutorial' build argument 'cmake_clean_first' from command line to 'False'
[0.314s] Level 5:colcon.colcon_core.verb:set package 'launch_tutorial' build argument 'cmake_force_configure' from command line to 'False'
[0.314s] Level 5:colcon.colcon_core.verb:set package 'launch_tutorial' build argument 'ament_cmake_args' from command line to 'None'
[0.314s] Level 5:colcon.colcon_core.verb:set package 'launch_tutorial' build argument 'catkin_cmake_args' from command line to 'None'
[0.314s] Level 5:colcon.colcon_core.verb:set package 'launch_tutorial' build argument 'catkin_skip_building_tests' from command line to 'False'
[0.314s] DEBUG:colcon.colcon_core.verb:Building package 'launch_tutorial' with the following arguments: {'ament_cmake_args': None, 'build_base': '/home/eilero/launch_ws/build/launch_tutorial', 'catkin_cmake_args': None, 'catkin_skip_building_tests': False, 'cmake_args': None, 'cmake_clean_cache': False, 'cmake_clean_first': False, 'cmake_force_configure': False, 'cmake_target': None, 'cmake_target_skip_unavailable': False, 'install_base': '/home/eilero/launch_ws/install/launch_tutorial', 'merge_install': False, 'path': '/home/eilero/launch_ws/src/launch_tutorial', 'symlink_install': False, 'test_result_base': None}
[0.315s] Level 5:colcon.colcon_core.verb:set package 'py_launch_example' build argument 'cmake_args' from command line to 'None'
[0.315s] Level 5:colcon.colcon_core.verb:set package 'py_launch_example' build argument 'cmake_target' from command line to 'None'
[0.315s] Level 5:colcon.colcon_core.verb:set package 'py_launch_example' build argument 'cmake_target_skip_unavailable' from command line to 'False'
[0.315s] Level 5:colcon.colcon_core.verb:set package 'py_launch_example' build argument 'cmake_clean_cache' from command line to 'False'
[0.315s] Level 5:colcon.colcon_core.verb:set package 'py_launch_example' build argument 'cmake_clean_first' from command line to 'False'
[0.315s] Level 5:colcon.colcon_core.verb:set package 'py_launch_example' build argument 'cmake_force_configure' from command line to 'False'
[0.315s] Level 5:colcon.colcon_core.verb:set package 'py_launch_example' build argument 'ament_cmake_args' from command line to 'None'
[0.315s] Level 5:colcon.colcon_core.verb:set package 'py_launch_example' build argument 'catkin_cmake_args' from command line to 'None'
[0.315s] Level 5:colcon.colcon_core.verb:set package 'py_launch_example' build argument 'catkin_skip_building_tests' from command line to 'False'
[0.315s] DEBUG:colcon.colcon_core.verb:Building package 'py_launch_example' with the following arguments: {'ament_cmake_args': None, 'build_base': '/home/eilero/launch_ws/build/py_launch_example', 'catkin_cmake_args': None, 'catkin_skip_building_tests': False, 'cmake_args': None, 'cmake_clean_cache': False, 'cmake_clean_first': False, 'cmake_force_configure': False, 'cmake_target': None, 'cmake_target_skip_unavailable': False, 'install_base': '/home/eilero/launch_ws/install/py_launch_example', 'merge_install': False, 'path': '/home/eilero/launch_ws/src/py_launch_example', 'symlink_install': False, 'test_result_base': None}
[0.315s] Level 5:colcon.colcon_core.verb:set package 'turtle_tf2_cpp' build argument 'cmake_args' from command line to 'None'
[0.315s] Level 5:colcon.colcon_core.verb:set package 'turtle_tf2_cpp' build argument 'cmake_target' from command line to 'None'
[0.315s] Level 5:colcon.colcon_core.verb:set package 'turtle_tf2_cpp' build argument 'cmake_target_skip_unavailable' from command line to 'False'
[0.315s] Level 5:colcon.colcon_core.verb:set package 'turtle_tf2_cpp' build argument 'cmake_clean_cache' from command line to 'False'
[0.315s] Level 5:colcon.colcon_core.verb:set package 'turtle_tf2_cpp' build argument 'cmake_clean_first' from command line to 'False'
[0.315s] Level 5:colcon.colcon_core.verb:set package 'turtle_tf2_cpp' build argument 'cmake_force_configure' from command line to 'False'
[0.315s] Level 5:colcon.colcon_core.verb:set package 'turtle_tf2_cpp' build argument 'ament_cmake_args' from command line to 'None'
[0.315s] Level 5:colcon.colcon_core.verb:set package 'turtle_tf2_cpp' build argument 'catkin_cmake_args' from command line to 'None'
[0.315s] Level 5:colcon.colcon_core.verb:set package 'turtle_tf2_cpp' build argument 'catkin_skip_building_tests' from command line to 'False'
[0.316s] DEBUG:colcon.colcon_core.verb:Building package 'turtle_tf2_cpp' with the following arguments: {'ament_cmake_args': None, 'build_base': '/home/eilero/launch_ws/build/turtle_tf2_cpp', 'catkin_cmake_args': None, 'catkin_skip_building_tests': False, 'cmake_args': None, 'cmake_clean_cache': False, 'cmake_clean_first': False, 'cmake_force_configure': False, 'cmake_target': None, 'cmake_target_skip_unavailable': False, 'install_base': '/home/eilero/launch_ws/install/turtle_tf2_cpp', 'merge_install': False, 'path': '/home/eilero/launch_ws/geometry_tutorials/turtle_tf2_cpp', 'symlink_install': False, 'test_result_base': None}
[0.316s] Level 5:colcon.colcon_core.verb:set package 'turtle_tf2_py' build argument 'cmake_args' from command line to 'None'
[0.316s] Level 5:colcon.colcon_core.verb:set package 'turtle_tf2_py' build argument 'cmake_target' from command line to 'None'
[0.316s] Level 5:colcon.colcon_core.verb:set package 'turtle_tf2_py' build argument 'cmake_target_skip_unavailable' from command line to 'False'
[0.316s] Level 5:colcon.colcon_core.verb:set package 'turtle_tf2_py' build argument 'cmake_clean_cache' from command line to 'False'
[0.316s] Level 5:colcon.colcon_core.verb:set package 'turtle_tf2_py' build argument 'cmake_clean_first' from command line to 'False'
[0.316s] Level 5:colcon.colcon_core.verb:set package 'turtle_tf2_py' build argument 'cmake_force_configure' from command line to 'False'
[0.316s] Level 5:colcon.colcon_core.verb:set package 'turtle_tf2_py' build argument 'ament_cmake_args' from command line to 'None'
[0.316s] Level 5:colcon.colcon_core.verb:set package 'turtle_tf2_py' build argument 'catkin_cmake_args' from command line to 'None'
[0.316s] Level 5:colcon.colcon_core.verb:set package 'turtle_tf2_py' build argument 'catkin_skip_building_tests' from command line to 'False'
[0.316s] DEBUG:colcon.colcon_core.verb:Building package 'turtle_tf2_py' with the following arguments: {'ament_cmake_args': None, 'build_base': '/home/eilero/launch_ws/build/turtle_tf2_py', 'catkin_cmake_args': None, 'catkin_skip_building_tests': False, 'cmake_args': None, 'cmake_clean_cache': False, 'cmake_clean_first': False, 'cmake_force_configure': False, 'cmake_target': None, 'cmake_target_skip_unavailable': False, 'install_base': '/home/eilero/launch_ws/install/turtle_tf2_py', 'merge_install': False, 'path': '/home/eilero/launch_ws/geometry_tutorials/turtle_tf2_py', 'symlink_install': False, 'test_result_base': None}
[0.316s] INFO:colcon.colcon_core.executor:Executing jobs using 'parallel' executor
[0.318s] DEBUG:colcon.colcon_parallel_executor.executor.parallel:run_until_complete
[0.319s] INFO:colcon.colcon_ros.task.ament_cmake.build:Building ROS package in '/home/eilero/launch_ws/geometry_tutorials/geometry_tutorials' with build type 'ament_cmake'
[0.319s] INFO:colcon.colcon_cmake.task.cmake.build:Building CMake package in '/home/eilero/launch_ws/geometry_tutorials/geometry_tutorials'
[0.323s] INFO:colcon.colcon_core.plugin_system:Skipping extension 'colcon_core.shell.bat': Not used on non-Windows systems
[0.323s] INFO:colcon.colcon_core.shell:Skip shell extension 'powershell' for command environment: Not usable outside of PowerShell
[0.323s] DEBUG:colcon.colcon_core.shell:Skip shell extension 'dsv' for command environment
[0.333s] INFO:colcon.colcon_ros.task.ament_python.build:Building ROS package in '/home/eilero/launch_ws/src/launch_tutorial' with build type 'ament_python'
[0.333s] Level 1:colcon.colcon_core.shell:create_environment_hook('launch_tutorial', 'ament_prefix_path')
[0.334s] INFO:colcon.colcon_core.shell:Creating environment hook '/home/eilero/launch_ws/install/launch_tutorial/share/launch_tutorial/hook/ament_prefix_path.ps1'
[0.334s] INFO:colcon.colcon_core.shell:Creating environment descriptor '/home/eilero/launch_ws/install/launch_tutorial/share/launch_tutorial/hook/ament_prefix_path.dsv'
[0.335s] INFO:colcon.colcon_core.shell:Creating environment hook '/home/eilero/launch_ws/install/launch_tutorial/share/launch_tutorial/hook/ament_prefix_path.sh'
[0.336s] INFO:colcon.colcon_core.shell:Skip shell extension 'powershell' for command environment: Not usable outside of PowerShell
[0.336s] DEBUG:colcon.colcon_core.shell:Skip shell extension 'dsv' for command environment
[0.341s] INFO:colcon.colcon_ros.task.ament_python.build:Building ROS package in '/home/eilero/launch_ws/src/py_launch_example' with build type 'ament_python'
[0.342s] Level 1:colcon.colcon_core.shell:create_environment_hook('py_launch_example', 'ament_prefix_path')
[0.342s] INFO:colcon.colcon_core.shell:Creating environment hook '/home/eilero/launch_ws/install/py_launch_example/share/py_launch_example/hook/ament_prefix_path.ps1'
[0.343s] INFO:colcon.colcon_core.shell:Creating environment descriptor '/home/eilero/launch_ws/install/py_launch_example/share/py_launch_example/hook/ament_prefix_path.dsv'
[0.344s] INFO:colcon.colcon_core.shell:Creating environment hook '/home/eilero/launch_ws/install/py_launch_example/share/py_launch_example/hook/ament_prefix_path.sh'
[0.345s] INFO:colcon.colcon_core.shell:Skip shell extension 'powershell' for command environment: Not usable outside of PowerShell
[0.346s] DEBUG:colcon.colcon_core.shell:Skip shell extension 'dsv' for command environment
[0.355s] INFO:colcon.colcon_ros.task.ament_cmake.build:Building ROS package in '/home/eilero/launch_ws/geometry_tutorials/turtle_tf2_cpp' with build type 'ament_cmake'
[0.355s] INFO:colcon.colcon_cmake.task.cmake.build:Building CMake package in '/home/eilero/launch_ws/geometry_tutorials/turtle_tf2_cpp'
[0.356s] INFO:colcon.colcon_core.shell:Skip shell extension 'powershell' for command environment: Not usable outside of PowerShell
[0.356s] DEBUG:colcon.colcon_core.shell:Skip shell extension 'dsv' for command environment
[0.363s] INFO:colcon.colcon_ros.task.ament_python.build:Building ROS package in '/home/eilero/launch_ws/geometry_tutorials/turtle_tf2_py' with build type 'ament_python'
[0.363s] Level 1:colcon.colcon_core.shell:create_environment_hook('turtle_tf2_py', 'ament_prefix_path')
[0.364s] INFO:colcon.colcon_core.shell:Creating environment hook '/home/eilero/launch_ws/install/turtle_tf2_py/share/turtle_tf2_py/hook/ament_prefix_path.ps1'
[0.365s] INFO:colcon.colcon_core.shell:Creating environment descriptor '/home/eilero/launch_ws/install/turtle_tf2_py/share/turtle_tf2_py/hook/ament_prefix_path.dsv'
[0.365s] INFO:colcon.colcon_core.shell:Creating environment hook '/home/eilero/launch_ws/install/turtle_tf2_py/share/turtle_tf2_py/hook/ament_prefix_path.sh'
[0.366s] INFO:colcon.colcon_core.shell:Skip shell extension 'powershell' for command environment: Not usable outside of PowerShell
[0.366s] DEBUG:colcon.colcon_core.shell:Skip shell extension 'dsv' for command environment
[0.383s] DEBUG:colcon.colcon_core.event_handler.log_command:Invoking command in '/home/eilero/launch_ws/build/geometry_tutorials': CMAKE_PREFIX_PATH=${CMAKE_PREFIX_PATH}:/home/eilero/launch_ws/install/turtle_tf2_py:/home/eilero/launch_ws/install/py_launch_example:/home/eilero/launch_ws/install/launch_tutorial:/opt/ros/jazzy /usr/bin/cmake --build /home/eilero/launch_ws/build/geometry_tutorials -- -j16 -l16
[0.705s] INFO:colcon.colcon_core.task.python.build:Building Python package in '/home/eilero/launch_ws/src/launch_tutorial'
[0.705s] INFO:colcon.colcon_core.shell:Skip shell extension 'powershell' for command environment: Not usable outside of PowerShell
[0.705s] DEBUG:colcon.colcon_core.shell:Skip shell extension 'dsv' for command environment
[1.021s] INFO:colcon.colcon_core.task.python.build:Building Python package in '/home/eilero/launch_ws/src/py_launch_example'
[1.022s] INFO:colcon.colcon_core.shell:Skip shell extension 'powershell' for command environment: Not usable outside of PowerShell
[1.022s] DEBUG:colcon.colcon_core.shell:Skip shell extension 'dsv' for command environment
[1.037s] DEBUG:colcon.colcon_core.event_handler.log_command:Invoking command in '/home/eilero/launch_ws/build/turtle_tf2_cpp': CMAKE_PREFIX_PATH=${CMAKE_PREFIX_PATH}:/home/eilero/launch_ws/install/turtle_tf2_py:/home/eilero/launch_ws/install/py_launch_example:/home/eilero/launch_ws/install/launch_tutorial:/opt/ros/jazzy /usr/bin/cmake --build /home/eilero/launch_ws/build/turtle_tf2_cpp -- -j16 -l16
[1.040s] DEBUG:colcon.colcon_core.event_handler.log_command:Invoked command in '/home/eilero/launch_ws/build/geometry_tutorials' returned '0': CMAKE_PREFIX_PATH=${CMAKE_PREFIX_PATH}:/home/eilero/launch_ws/install/turtle_tf2_py:/home/eilero/launch_ws/install/py_launch_example:/home/eilero/launch_ws/install/launch_tutorial:/opt/ros/jazzy /usr/bin/cmake --build /home/eilero/launch_ws/build/geometry_tutorials -- -j16 -l16
[1.061s] DEBUG:colcon.colcon_core.event_handler.log_command:Invoking command in '/home/eilero/launch_ws/build/geometry_tutorials': CMAKE_PREFIX_PATH=${CMAKE_PREFIX_PATH}:/home/eilero/launch_ws/install/turtle_tf2_py:/home/eilero/launch_ws/install/py_launch_example:/home/eilero/launch_ws/install/launch_tutorial:/opt/ros/jazzy /usr/bin/cmake --install /home/eilero/launch_ws/build/geometry_tutorials
[1.364s] INFO:colcon.colcon_core.task.python.build:Building Python package in '/home/eilero/launch_ws/geometry_tutorials/turtle_tf2_py'
[1.365s] INFO:colcon.colcon_core.shell:Skip shell extension 'powershell' for command environment: Not usable outside of PowerShell
[1.365s] DEBUG:colcon.colcon_core.shell:Skip shell extension 'dsv' for command environment
[1.384s] DEBUG:colcon.colcon_core.event_handler.log_command:Invoked command in '/home/eilero/launch_ws/build/turtle_tf2_cpp' returned '0': CMAKE_PREFIX_PATH=${CMAKE_PREFIX_PATH}:/home/eilero/launch_ws/install/turtle_tf2_py:/home/eilero/launch_ws/install/py_launch_example:/home/eilero/launch_ws/install/launch_tutorial:/opt/ros/jazzy /usr/bin/cmake --build /home/eilero/launch_ws/build/turtle_tf2_cpp -- -j16 -l16
[1.385s] DEBUG:colcon.colcon_core.event_handler.log_command:Invoking command in '/home/eilero/launch_ws/build/turtle_tf2_cpp': CMAKE_PREFIX_PATH=${CMAKE_PREFIX_PATH}:/home/eilero/launch_ws/install/turtle_tf2_py:/home/eilero/launch_ws/install/py_launch_example:/home/eilero/launch_ws/install/launch_tutorial:/opt/ros/jazzy /usr/bin/cmake --install /home/eilero/launch_ws/build/turtle_tf2_cpp
[1.386s] Level 1:colcon.colcon_core.environment:create_environment_scripts_only(geometry_tutorials)
[1.386s] DEBUG:colcon.colcon_core.event_handler.log_command:Invoked command in '/home/eilero/launch_ws/build/geometry_tutorials' returned '0': CMAKE_PREFIX_PATH=${CMAKE_PREFIX_PATH}:/home/eilero/launch_ws/install/turtle_tf2_py:/home/eilero/launch_ws/install/py_launch_example:/home/eilero/launch_ws/install/launch_tutorial:/opt/ros/jazzy /usr/bin/cmake --install /home/eilero/launch_ws/build/geometry_tutorials
[1.389s] Level 1:colcon.colcon_core.environment:checking '/home/eilero/launch_ws/install/geometry_tutorials' for CMake module files
[1.390s] Level 1:colcon.colcon_core.environment:checking '/home/eilero/launch_ws/install/geometry_tutorials' for CMake config files
[1.390s] Level 1:colcon.colcon_core.shell:create_environment_hook('geometry_tutorials', 'cmake_prefix_path')
[1.391s] INFO:colcon.colcon_core.shell:Creating environment hook '/home/eilero/launch_ws/install/geometry_tutorials/share/geometry_tutorials/hook/cmake_prefix_path.ps1'
[1.391s] INFO:colcon.colcon_core.shell:Creating environment descriptor '/home/eilero/launch_ws/install/geometry_tutorials/share/geometry_tutorials/hook/cmake_prefix_path.dsv'
[1.392s] INFO:colcon.colcon_core.shell:Creating environment hook '/home/eilero/launch_ws/install/geometry_tutorials/share/geometry_tutorials/hook/cmake_prefix_path.sh'
[1.393s] Level 1:colcon.colcon_core.environment:checking '/home/eilero/launch_ws/install/geometry_tutorials/bin'
[1.393s] Level 1:colcon.colcon_core.environment:checking '/home/eilero/launch_ws/install/geometry_tutorials/lib/pkgconfig/geometry_tutorials.pc'
[1.393s] Level 1:colcon.colcon_core.environment:checking '/home/eilero/launch_ws/install/geometry_tutorials/lib/python3.12/site-packages'
[1.394s] Level 1:colcon.colcon_core.environment:checking '/home/eilero/launch_ws/install/geometry_tutorials/bin'
[1.394s] INFO:colcon.colcon_core.shell:Creating package script '/home/eilero/launch_ws/install/geometry_tutorials/share/geometry_tutorials/package.ps1'
[1.397s] INFO:colcon.colcon_core.shell:Creating package descriptor '/home/eilero/launch_ws/install/geometry_tutorials/share/geometry_tutorials/package.dsv'
[1.398s] INFO:colcon.colcon_core.shell:Creating package script '/home/eilero/launch_ws/install/geometry_tutorials/share/geometry_tutorials/package.sh'
[1.399s] INFO:colcon.colcon_core.shell:Creating package script '/home/eilero/launch_ws/install/geometry_tutorials/share/geometry_tutorials/package.bash'
[1.399s] INFO:colcon.colcon_core.shell:Creating package script '/home/eilero/launch_ws/install/geometry_tutorials/share/geometry_tutorials/package.zsh'
[1.400s] Level 1:colcon.colcon_core.environment:create_file_with_runtime_dependencies(/home/eilero/launch_ws/install/geometry_tutorials/share/colcon-core/packages/geometry_tutorials)
[1.401s] Level 1:colcon.colcon_core.environment:create_environment_scripts_only(geometry_tutorials)
[1.401s] Level 1:colcon.colcon_core.environment:checking '/home/eilero/launch_ws/install/geometry_tutorials' for CMake module files
[1.402s] Level 1:colcon.colcon_core.environment:checking '/home/eilero/launch_ws/install/geometry_tutorials' for CMake config files
[1.402s] Level 1:colcon.colcon_core.shell:create_environment_hook('geometry_tutorials', 'cmake_prefix_path')
[1.402s] INFO:colcon.colcon_core.shell:Creating environment hook '/home/eilero/launch_ws/install/geometry_tutorials/share/geometry_tutorials/hook/cmake_prefix_path.ps1'
[1.403s] INFO:colcon.colcon_core.shell:Creating environment descriptor '/home/eilero/launch_ws/install/geometry_tutorials/share/geometry_tutorials/hook/cmake_prefix_path.dsv'
[1.403s] INFO:colcon.colcon_core.shell:Creating environment hook '/home/eilero/launch_ws/install/geometry_tutorials/share/geometry_tutorials/hook/cmake_prefix_path.sh'
[1.404s] Level 1:colcon.colcon_core.environment:checking '/home/eilero/launch_ws/install/geometry_tutorials/bin'
[1.404s] Level 1:colcon.colcon_core.environment:checking '/home/eilero/launch_ws/install/geometry_tutorials/lib/pkgconfig/geometry_tutorials.pc'
[1.405s] Level 1:colcon.colcon_core.environment:checking '/home/eilero/launch_ws/install/geometry_tutorials/lib/python3.12/site-packages'
[1.405s] Level 1:colcon.colcon_core.environment:checking '/home/eilero/launch_ws/install/geometry_tutorials/bin'
[1.405s] INFO:colcon.colcon_core.shell:Creating package script '/home/eilero/launch_ws/install/geometry_tutorials/share/geometry_tutorials/package.ps1'
[1.406s] INFO:colcon.colcon_core.shell:Creating package descriptor '/home/eilero/launch_ws/install/geometry_tutorials/share/geometry_tutorials/package.dsv'
[1.407s] INFO:colcon.colcon_core.shell:Creating package script '/home/eilero/launch_ws/install/geometry_tutorials/share/geometry_tutorials/package.sh'
[1.408s] INFO:colcon.colcon_core.shell:Creating package script '/home/eilero/launch_ws/install/geometry_tutorials/share/geometry_tutorials/package.bash'
[1.408s] INFO:colcon.colcon_core.shell:Creating package script '/home/eilero/launch_ws/install/geometry_tutorials/share/geometry_tutorials/package.zsh'
[1.409s] Level 1:colcon.colcon_core.environment:create_file_with_runtime_dependencies(/home/eilero/launch_ws/install/geometry_tutorials/share/colcon-core/packages/geometry_tutorials)
[1.416s] Level 1:colcon.colcon_core.environment:create_environment_scripts_only(turtle_tf2_cpp)
[1.417s] Level 1:colcon.colcon_core.environment:checking '/home/eilero/launch_ws/install/turtle_tf2_cpp' for CMake module files
[1.419s] Level 1:colcon.colcon_core.environment:checking '/home/eilero/launch_ws/install/turtle_tf2_cpp' for CMake config files
[1.419s] DEBUG:colcon.colcon_core.event_handler.log_command:Invoked command in '/home/eilero/launch_ws/build/turtle_tf2_cpp' returned '0': CMAKE_PREFIX_PATH=${CMAKE_PREFIX_PATH}:/home/eilero/launch_ws/install/turtle_tf2_py:/home/eilero/launch_ws/install/py_launch_example:/home/eilero/launch_ws/install/launch_tutorial:/opt/ros/jazzy /usr/bin/cmake --install /home/eilero/launch_ws/build/turtle_tf2_cpp
[1.420s] Level 1:colcon.colcon_core.shell:create_environment_hook('turtle_tf2_cpp', 'cmake_prefix_path')
[1.420s] INFO:colcon.colcon_core.shell:Creating environment hook '/home/eilero/launch_ws/install/turtle_tf2_cpp/share/turtle_tf2_cpp/hook/cmake_prefix_path.ps1'
[1.421s] INFO:colcon.colcon_core.shell:Creating environment descriptor '/home/eilero/launch_ws/install/turtle_tf2_cpp/share/turtle_tf2_cpp/hook/cmake_prefix_path.dsv'
[1.421s] INFO:colcon.colcon_core.shell:Creating environment hook '/home/eilero/launch_ws/install/turtle_tf2_cpp/share/turtle_tf2_cpp/hook/cmake_prefix_path.sh'
[1.422s] Level 1:colcon.colcon_core.environment:checking '/home/eilero/launch_ws/install/turtle_tf2_cpp/lib'
[1.422s] Level 1:colcon.colcon_core.environment:checking '/home/eilero/launch_ws/install/turtle_tf2_cpp/bin'
[1.422s] Level 1:colcon.colcon_core.environment:checking '/home/eilero/launch_ws/install/turtle_tf2_cpp/lib/pkgconfig/turtle_tf2_cpp.pc'
[1.423s] Level 1:colcon.colcon_core.environment:checking '/home/eilero/launch_ws/install/turtle_tf2_cpp/lib/python3.12/site-packages'
[1.423s] Level 1:colcon.colcon_core.environment:checking '/home/eilero/launch_ws/install/turtle_tf2_cpp/bin'
[1.424s] INFO:colcon.colcon_core.shell:Creating package script '/home/eilero/launch_ws/install/turtle_tf2_cpp/share/turtle_tf2_cpp/package.ps1'
[1.425s] INFO:colcon.colcon_core.shell:Creating package descriptor '/home/eilero/launch_ws/install/turtle_tf2_cpp/share/turtle_tf2_cpp/package.dsv'
[1.425s] INFO:colcon.colcon_core.shell:Creating package script '/home/eilero/launch_ws/install/turtle_tf2_cpp/share/turtle_tf2_cpp/package.sh'
[1.426s] INFO:colcon.colcon_core.shell:Creating package script '/home/eilero/launch_ws/install/turtle_tf2_cpp/share/turtle_tf2_cpp/package.bash'
[1.427s] INFO:colcon.colcon_core.shell:Creating package script '/home/eilero/launch_ws/install/turtle_tf2_cpp/share/turtle_tf2_cpp/package.zsh'
[1.427s] Level 1:colcon.colcon_core.environment:create_file_with_runtime_dependencies(/home/eilero/launch_ws/install/turtle_tf2_cpp/share/colcon-core/packages/turtle_tf2_cpp)
[1.428s] Level 1:colcon.colcon_core.environment:create_environment_scripts_only(turtle_tf2_cpp)
[1.428s] Level 1:colcon.colcon_core.environment:checking '/home/eilero/launch_ws/install/turtle_tf2_cpp' for CMake module files
[1.429s] Level 1:colcon.colcon_core.environment:checking '/home/eilero/launch_ws/install/turtle_tf2_cpp' for CMake config files
[1.429s] Level 1:colcon.colcon_core.shell:create_environment_hook('turtle_tf2_cpp', 'cmake_prefix_path')
[1.429s] INFO:colcon.colcon_core.shell:Creating environment hook '/home/eilero/launch_ws/install/turtle_tf2_cpp/share/turtle_tf2_cpp/hook/cmake_prefix_path.ps1'
[1.430s] INFO:colcon.colcon_core.shell:Creating environment descriptor '/home/eilero/launch_ws/install/turtle_tf2_cpp/share/turtle_tf2_cpp/hook/cmake_prefix_path.dsv'
[1.430s] INFO:colcon.colcon_core.shell:Creating environment hook '/home/eilero/launch_ws/install/turtle_tf2_cpp/share/turtle_tf2_cpp/hook/cmake_prefix_path.sh'
[1.431s] Level 1:colcon.colcon_core.environment:checking '/home/eilero/launch_ws/install/turtle_tf2_cpp/lib'
[1.431s] Level 1:colcon.colcon_core.environment:checking '/home/eilero/launch_ws/install/turtle_tf2_cpp/bin'
[1.432s] Level 1:colcon.colcon_core.environment:checking '/home/eilero/launch_ws/install/turtle_tf2_cpp/lib/pkgconfig/turtle_tf2_cpp.pc'
[1.432s] Level 1:colcon.colcon_core.environment:checking '/home/eilero/launch_ws/install/turtle_tf2_cpp/lib/python3.12/site-packages'
[1.433s] Level 1:colcon.colcon_core.environment:checking '/home/eilero/launch_ws/install/turtle_tf2_cpp/bin'
[1.433s] INFO:colcon.colcon_core.shell:Creating package script '/home/eilero/launch_ws/install/turtle_tf2_cpp/share/turtle_tf2_cpp/package.ps1'
[1.434s] INFO:colcon.colcon_core.shell:Creating package descriptor '/home/eilero/launch_ws/install/turtle_tf2_cpp/share/turtle_tf2_cpp/package.dsv'
[1.435s] INFO:colcon.colcon_core.shell:Creating package script '/home/eilero/launch_ws/install/turtle_tf2_cpp/share/turtle_tf2_cpp/package.sh'
[1.436s] INFO:colcon.colcon_core.shell:Creating package script '/home/eilero/launch_ws/install/turtle_tf2_cpp/share/turtle_tf2_cpp/package.bash'
[1.436s] INFO:colcon.colcon_core.shell:Creating package script '/home/eilero/launch_ws/install/turtle_tf2_cpp/share/turtle_tf2_cpp/package.zsh'
[1.437s] Level 1:colcon.colcon_core.environment:create_file_with_runtime_dependencies(/home/eilero/launch_ws/install/turtle_tf2_cpp/share/colcon-core/packages/turtle_tf2_cpp)
[2.107s] DEBUG:colcon.colcon_core.event_handler.log_command:Invoking command in '/home/eilero/launch_ws/src/py_launch_example': PYTHONPATH=/home/eilero/launch_ws/build/py_launch_example/prefix_override:/usr/lib/python3/dist-packages/colcon_core/task/python/colcon_distutils_commands:/home/eilero/launch_ws/install/py_launch_example/lib/python3.12/site-packages:${PYTHONPATH} /usr/bin/python3 -W ignore:setup.py install is deprecated -W ignore:easy_install command is deprecated setup.py egg_info --egg-base ../../build/py_launch_example build --build-base /home/eilero/launch_ws/build/py_launch_example/build install --record /home/eilero/launch_ws/build/py_launch_example/install.log --single-version-externally-managed install_data
[2.123s] DEBUG:colcon.colcon_core.event_handler.log_command:Invoking command in '/home/eilero/launch_ws/src/launch_tutorial': PYTHONPATH=/home/eilero/launch_ws/build/launch_tutorial/prefix_override:/usr/lib/python3/dist-packages/colcon_core/task/python/colcon_distutils_commands:/home/eilero/launch_ws/install/launch_tutorial/lib/python3.12/site-packages:${PYTHONPATH} /usr/bin/python3 -W ignore:setup.py install is deprecated -W ignore:easy_install command is deprecated setup.py egg_info --egg-base ../../build/launch_tutorial build --build-base /home/eilero/launch_ws/build/launch_tutorial/build install --record /home/eilero/launch_ws/build/launch_tutorial/install.log --single-version-externally-managed install_data
[2.154s] DEBUG:colcon.colcon_core.event_handler.log_command:Invoking command in '/home/eilero/launch_ws/geometry_tutorials/turtle_tf2_py': PYTHONPATH=/home/eilero/launch_ws/build/turtle_tf2_py/prefix_override:/usr/lib/python3/dist-packages/colcon_core/task/python/colcon_distutils_commands:/home/eilero/launch_ws/install/turtle_tf2_py/lib/python3.12/site-packages:${PYTHONPATH} /usr/bin/python3 -W ignore:setup.py install is deprecated -W ignore:easy_install command is deprecated setup.py egg_info --egg-base ../../build/turtle_tf2_py build --build-base /home/eilero/launch_ws/build/turtle_tf2_py/build install --record /home/eilero/launch_ws/build/turtle_tf2_py/install.log --single-version-externally-managed install_data
[2.544s] Level 1:colcon.colcon_core.environment:checking '/home/eilero/launch_ws/install/py_launch_example' for CMake module files
[2.545s] DEBUG:colcon.colcon_core.event_handler.log_command:Invoked command in '/home/eilero/launch_ws/src/py_launch_example' returned '0': PYTHONPATH=/home/eilero/launch_ws/build/py_launch_example/prefix_override:/usr/lib/python3/dist-packages/colcon_core/task/python/colcon_distutils_commands:/home/eilero/launch_ws/install/py_launch_example/lib/python3.12/site-packages:${PYTHONPATH} /usr/bin/python3 -W ignore:setup.py install is deprecated -W ignore:easy_install command is deprecated setup.py egg_info --egg-base ../../build/py_launch_example build --build-base /home/eilero/launch_ws/build/py_launch_example/build install --record /home/eilero/launch_ws/build/py_launch_example/install.log --single-version-externally-managed install_data
[2.545s] Level 1:colcon.colcon_core.environment:checking '/home/eilero/launch_ws/install/py_launch_example' for CMake config files
[2.546s] Level 1:colcon.colcon_core.environment:checking '/home/eilero/launch_ws/install/py_launch_example/lib'
[2.546s] Level 1:colcon.colcon_core.environment:checking '/home/eilero/launch_ws/install/py_launch_example/bin'
[2.546s] Level 1:colcon.colcon_core.environment:checking '/home/eilero/launch_ws/install/py_launch_example/lib/pkgconfig/py_launch_example.pc'
[2.546s] Level 1:colcon.colcon_core.environment:checking '/home/eilero/launch_ws/install/py_launch_example/lib/python3.12/site-packages'
[2.546s] Level 1:colcon.colcon_core.shell:create_environment_hook('py_launch_example', 'pythonpath')
[2.547s] INFO:colcon.colcon_core.shell:Creating environment hook '/home/eilero/launch_ws/install/py_launch_example/share/py_launch_example/hook/pythonpath.ps1'
[2.547s] INFO:colcon.colcon_core.shell:Creating environment descriptor '/home/eilero/launch_ws/install/py_launch_example/share/py_launch_example/hook/pythonpath.dsv'
[2.548s] INFO:colcon.colcon_core.shell:Creating environment hook '/home/eilero/launch_ws/install/py_launch_example/share/py_launch_example/hook/pythonpath.sh'
[2.549s] Level 1:colcon.colcon_core.environment:checking '/home/eilero/launch_ws/install/py_launch_example/bin'
[2.549s] Level 1:colcon.colcon_core.environment:create_environment_scripts_only(py_launch_example)
[2.549s] INFO:colcon.colcon_core.shell:Creating package script '/home/eilero/launch_ws/install/py_launch_example/share/py_launch_example/package.ps1'
[2.550s] INFO:colcon.colcon_core.shell:Creating package descriptor '/home/eilero/launch_ws/install/py_launch_example/share/py_launch_example/package.dsv'
[2.550s] INFO:colcon.colcon_core.shell:Creating package script '/home/eilero/launch_ws/install/py_launch_example/share/py_launch_example/package.sh'
[2.550s] INFO:colcon.colcon_core.shell:Creating package script '/home/eilero/launch_ws/install/py_launch_example/share/py_launch_example/package.bash'
[2.550s] INFO:colcon.colcon_core.shell:Creating package script '/home/eilero/launch_ws/install/py_launch_example/share/py_launch_example/package.zsh'
[2.551s] Level 1:colcon.colcon_core.environment:create_file_with_runtime_dependencies(/home/eilero/launch_ws/install/py_launch_example/share/colcon-core/packages/py_launch_example)
[2.552s] Level 1:colcon.colcon_core.environment:checking '/home/eilero/launch_ws/install/launch_tutorial' for CMake module files
[2.553s] DEBUG:colcon.colcon_core.event_handler.log_command:Invoked command in '/home/eilero/launch_ws/src/launch_tutorial' returned '0': PYTHONPATH=/home/eilero/launch_ws/build/launch_tutorial/prefix_override:/usr/lib/python3/dist-packages/colcon_core/task/python/colcon_distutils_commands:/home/eilero/launch_ws/install/launch_tutorial/lib/python3.12/site-packages:${PYTHONPATH} /usr/bin/python3 -W ignore:setup.py install is deprecated -W ignore:easy_install command is deprecated setup.py egg_info --egg-base ../../build/launch_tutorial build --build-base /home/eilero/launch_ws/build/launch_tutorial/build install --record /home/eilero/launch_ws/build/launch_tutorial/install.log --single-version-externally-managed install_data
[2.553s] Level 1:colcon.colcon_core.environment:checking '/home/eilero/launch_ws/install/launch_tutorial' for CMake config files
[2.554s] Level 1:colcon.colcon_core.environment:checking '/home/eilero/launch_ws/install/launch_tutorial/lib'
[2.554s] Level 1:colcon.colcon_core.environment:checking '/home/eilero/launch_ws/install/launch_tutorial/bin'
[2.554s] Level 1:colcon.colcon_core.environment:checking '/home/eilero/launch_ws/install/launch_tutorial/lib/pkgconfig/launch_tutorial.pc'
[2.554s] Level 1:colcon.colcon_core.environment:checking '/home/eilero/launch_ws/install/launch_tutorial/lib/python3.12/site-packages'
[2.554s] Level 1:colcon.colcon_core.shell:create_environment_hook('launch_tutorial', 'pythonpath')
[2.555s] INFO:colcon.colcon_core.shell:Creating environment hook '/home/eilero/launch_ws/install/launch_tutorial/share/launch_tutorial/hook/pythonpath.ps1'
[2.555s] INFO:colcon.colcon_core.shell:Creating environment descriptor '/home/eilero/launch_ws/install/launch_tutorial/share/launch_tutorial/hook/pythonpath.dsv'
[2.555s] INFO:colcon.colcon_core.shell:Creating environment hook '/home/eilero/launch_ws/install/launch_tutorial/share/launch_tutorial/hook/pythonpath.sh'
[2.556s] Level 1:colcon.colcon_core.environment:checking '/home/eilero/launch_ws/install/launch_tutorial/bin'
[2.556s] Level 1:colcon.colcon_core.environment:create_environment_scripts_only(launch_tutorial)
[2.556s] INFO:colcon.colcon_core.shell:Creating package script '/home/eilero/launch_ws/install/launch_tutorial/share/launch_tutorial/package.ps1'
[2.557s] INFO:colcon.colcon_core.shell:Creating package descriptor '/home/eilero/launch_ws/install/launch_tutorial/share/launch_tutorial/package.dsv'
[2.557s] INFO:colcon.colcon_core.shell:Creating package script '/home/eilero/launch_ws/install/launch_tutorial/share/launch_tutorial/package.sh'
[2.557s] INFO:colcon.colcon_core.shell:Creating package script '/home/eilero/launch_ws/install/launch_tutorial/share/launch_tutorial/package.bash'
[2.558s] INFO:colcon.colcon_core.shell:Creating package script '/home/eilero/launch_ws/install/launch_tutorial/share/launch_tutorial/package.zsh'
[2.558s] Level 1:colcon.colcon_core.environment:create_file_with_runtime_dependencies(/home/eilero/launch_ws/install/launch_tutorial/share/colcon-core/packages/launch_tutorial)
[2.577s] Level 1:colcon.colcon_core.environment:checking '/home/eilero/launch_ws/install/turtle_tf2_py' for CMake module files
[2.577s] DEBUG:colcon.colcon_core.event_handler.log_command:Invoked command in '/home/eilero/launch_ws/geometry_tutorials/turtle_tf2_py' returned '0': PYTHONPATH=/home/eilero/launch_ws/build/turtle_tf2_py/prefix_override:/usr/lib/python3/dist-packages/colcon_core/task/python/colcon_distutils_commands:/home/eilero/launch_ws/install/turtle_tf2_py/lib/python3.12/site-packages:${PYTHONPATH} /usr/bin/python3 -W ignore:setup.py install is deprecated -W ignore:easy_install command is deprecated setup.py egg_info --egg-base ../../build/turtle_tf2_py build --build-base /home/eilero/launch_ws/build/turtle_tf2_py/build install --record /home/eilero/launch_ws/build/turtle_tf2_py/install.log --single-version-externally-managed install_data
[2.578s] Level 1:colcon.colcon_core.environment:checking '/home/eilero/launch_ws/install/turtle_tf2_py' for CMake config files
[2.578s] Level 1:colcon.colcon_core.environment:checking '/home/eilero/launch_ws/install/turtle_tf2_py/lib'
[2.578s] Level 1:colcon.colcon_core.environment:checking '/home/eilero/launch_ws/install/turtle_tf2_py/bin'
[2.578s] Level 1:colcon.colcon_core.environment:checking '/home/eilero/launch_ws/install/turtle_tf2_py/lib/pkgconfig/turtle_tf2_py.pc'
[2.579s] Level 1:colcon.colcon_core.environment:checking '/home/eilero/launch_ws/install/turtle_tf2_py/lib/python3.12/site-packages'
[2.579s] Level 1:colcon.colcon_core.shell:create_environment_hook('turtle_tf2_py', 'pythonpath')
[2.579s] INFO:colcon.colcon_core.shell:Creating environment hook '/home/eilero/launch_ws/install/turtle_tf2_py/share/turtle_tf2_py/hook/pythonpath.ps1'
[2.579s] INFO:colcon.colcon_core.shell:Creating environment descriptor '/home/eilero/launch_ws/install/turtle_tf2_py/share/turtle_tf2_py/hook/pythonpath.dsv'
[2.580s] INFO:colcon.colcon_core.shell:Creating environment hook '/home/eilero/launch_ws/install/turtle_tf2_py/share/turtle_tf2_py/hook/pythonpath.sh'
[2.580s] Level 1:colcon.colcon_core.environment:checking '/home/eilero/launch_ws/install/turtle_tf2_py/bin'
[2.580s] Level 1:colcon.colcon_core.environment:create_environment_scripts_only(turtle_tf2_py)
[2.581s] INFO:colcon.colcon_core.shell:Creating package script '/home/eilero/launch_ws/install/turtle_tf2_py/share/turtle_tf2_py/package.ps1'
[2.581s] INFO:colcon.colcon_core.shell:Creating package descriptor '/home/eilero/launch_ws/install/turtle_tf2_py/share/turtle_tf2_py/package.dsv'
[2.582s] INFO:colcon.colcon_core.shell:Creating package script '/home/eilero/launch_ws/install/turtle_tf2_py/share/turtle_tf2_py/package.sh'
[2.582s] INFO:colcon.colcon_core.shell:Creating package script '/home/eilero/launch_ws/install/turtle_tf2_py/share/turtle_tf2_py/package.bash'
[2.583s] INFO:colcon.colcon_core.shell:Creating package script '/home/eilero/launch_ws/install/turtle_tf2_py/share/turtle_tf2_py/package.zsh'
[2.583s] Level 1:colcon.colcon_core.environment:create_file_with_runtime_dependencies(/home/eilero/launch_ws/install/turtle_tf2_py/share/colcon-core/packages/turtle_tf2_py)
[2.583s] DEBUG:colcon.colcon_parallel_executor.executor.parallel:closing loop
[2.583s] DEBUG:colcon.colcon_parallel_executor.executor.parallel:loop closed
[2.584s] DEBUG:colcon.colcon_parallel_executor.executor.parallel:run_until_complete finished with '0'
[2.584s] DEBUG:colcon.colcon_core.event_reactor:joining thread
[2.589s] INFO:colcon.colcon_core.plugin_system:Skipping extension 'colcon_notification.desktop_notification.notify_send': Could not find 'notify-send'
[2.589s] INFO:colcon.colcon_core.plugin_system:Skipping extension 'colcon_notification.desktop_notification.terminal_notifier': Not used on non-Darwin systems
[2.589s] INFO:colcon.colcon_core.plugin_system:Skipping extension 'colcon_notification.desktop_notification.win32': Not used on non-Windows systems
[2.589s] INFO:colcon.colcon_notification.desktop_notification:Sending desktop notification using 'notify2'
[2.592s] DEBUG:colcon.colcon_notification.desktop_notification.notify2:Failed to initialize notify2: org.freedesktop.DBus.Error.Spawn.ExecFailed: /usr/bin/dbus-launch terminated abnormally without any error message
[2.592s] DEBUG:colcon.colcon_core.event_reactor:joined thread
[2.593s] INFO:colcon.colcon_core.shell:Creating prefix script '/home/eilero/launch_ws/install/local_setup.ps1'
[2.594s] INFO:colcon.colcon_core.shell:Creating prefix util module '/home/eilero/launch_ws/install/_local_setup_util_ps1.py'
[2.594s] INFO:colcon.colcon_core.shell:Creating prefix chain script '/home/eilero/launch_ws/install/setup.ps1'
[2.595s] INFO:colcon.colcon_core.shell:Creating prefix script '/home/eilero/launch_ws/install/local_setup.sh'
[2.596s] INFO:colcon.colcon_core.shell:Creating prefix util module '/home/eilero/launch_ws/install/_local_setup_util_sh.py'
[2.596s] INFO:colcon.colcon_core.shell:Creating prefix chain script '/home/eilero/launch_ws/install/setup.sh'
[2.597s] INFO:colcon.colcon_core.shell:Creating prefix script '/home/eilero/launch_ws/install/local_setup.bash'
[2.597s] INFO:colcon.colcon_core.shell:Creating prefix chain script '/home/eilero/launch_ws/install/setup.bash'
[2.598s] INFO:colcon.colcon_core.shell:Creating prefix script '/home/eilero/launch_ws/install/local_setup.zsh'
[2.598s] INFO:colcon.colcon_core.shell:Creating prefix chain script '/home/eilero/launch_ws/install/setup.zsh'
