-- The C compiler identification is GNU 13.3.0
-- The CXX compiler identification is GNU 13.3.0
-- Detecting C compiler ABI info
-- Detecting C compiler ABI info - done
-- Check for working C compiler: /usr/bin/cc - skipped
-- Detecting C compile features
-- Detecting C compile features - done
-- Detecting CXX compiler ABI info
-- Detecting CXX compiler ABI info - done
-- Check for working CXX compiler: /usr/bin/c++ - skipped
-- Detecting CXX compile features
-- Detecting CXX compile features - done
-- Found ament_cmake: 2.5.4 (/opt/ros/jazzy/share/ament_cmake/cmake)
-- Found Python3: /usr/bin/python3 (found version "3.12.3") found components: Interpreter 
-- Found geometry_msgs: 5.3.6 (/opt/ros/jazzy/share/geometry_msgs/cmake)
-- Found rosidl_generator_c: 4.6.6 (/opt/ros/jazzy/share/rosidl_generator_c/cmake)
-- Found rosidl_generator_cpp: 4.6.6 (/opt/ros/jazzy/share/rosidl_generator_cpp/cmake)
-- Using all available rosidl_typesupport_c: rosidl_typesupport_fastrtps_c;rosidl_typesupport_introspection_c
-- Using all available rosidl_typesupport_cpp: rosidl_typesupport_fastrtps_cpp;rosidl_typesupport_introspection_cpp
-- Found message_filters: 4.11.9 (/opt/ros/jazzy/share/message_filters/cmake)
-- Found rmw_implementation_cmake: 7.3.2 (/opt/ros/jazzy/share/rmw_implementation_cmake/cmake)
-- Found rmw_fastrtps_cpp: 8.4.3 (/opt/ros/jazzy/share/rmw_fastrtps_cpp/cmake)
-- Found OpenSSL: /usr/lib/x86_64-linux-gnu/libcrypto.so (found version "3.0.13")  
-- Found FastRTPS: /opt/ros/jazzy/include (Required is at least version "2.13") 
-- Using RMW implementation 'rmw_fastrtps_cpp' as default
-- Found tf2: 0.36.16 (/opt/ros/jazzy/share/tf2/cmake)
-- Found tf2_geometry_msgs: 0.36.16 (/opt/ros/jazzy/share/tf2_geometry_msgs/cmake)
-- Found eigen3_cmake_module: 0.3.0 (/opt/ros/jazzy/share/eigen3_cmake_module/cmake)
-- Found Eigen3: TRUE (found version "3.4.0") 
-- Ensuring Eigen3 include directory is part of orocos-kdl CMake target
-- Found turtlesim: 1.8.3 (/opt/ros/jazzy/share/turtlesim/cmake)
-- Found ament_lint_auto: 0.17.3 (/opt/ros/jazzy/share/ament_lint_auto/cmake)
-- Added test 'copyright' to check source files copyright and LICENSE
-- Added test 'cppcheck' to perform static code analysis on C / C++ code
-- Configured cppcheck include dirs: 
-- Configured cppcheck exclude dirs and/or files: 
-- Added test 'cpplint' to check C / C++ code against the Google style
-- Configured cpplint exclude dirs and/or files: 
-- Added test 'flake8' to check Python code syntax and style conventions
-- Configured 'flake8' exclude dirs and/or files: 
-- Added test 'lint_cmake' to check CMake code style
-- Added test 'pep257' to check Python code against some of the docstring style conventions in PEP 257
-- Added test 'uncrustify' to check C / C++ code style
-- Configured uncrustify additional arguments: 
-- Added test 'xmllint' to check XML markup files
-- Configuring done (2.1s)
-- Generating done (0.0s)
-- Build files have been written to: /home/eilero/launch_ws/build/turtle_tf2_cpp
[ 50%] [32mBuilding CXX object CMakeFiles/static_turtle_tf2_broadcaster.dir/src/static_turtle_tf2_broadcaster.cpp.o[0m
[ 50%] [32mBuilding CXX object CMakeFiles/turtle_tf2_listener.dir/src/turtle_tf2_listener.cpp.o[0m
[ 50%] [32mBuilding CXX object CMakeFiles/turtle_tf2_broadcaster.dir/src/turtle_tf2_broadcaster.cpp.o[0m
[ 50%] [32mBuilding CXX object CMakeFiles/fixed_frame_tf2_broadcaster.dir/src/fixed_frame_tf2_broadcaster.cpp.o[0m
[ 50%] [32mBuilding CXX object CMakeFiles/turtle_tf2_message_filter.dir/src/turtle_tf2_message_filter.cpp.o[0m
[ 50%] [32mBuilding CXX object CMakeFiles/dynamic_frame_tf2_broadcaster.dir/src/dynamic_frame_tf2_broadcaster.cpp.o[0m
[ 58%] [32m[1mLinking CXX executable static_turtle_tf2_broadcaster[0m
[ 75%] [32m[1mLinking CXX executable dynamic_frame_tf2_broadcaster[0m
[ 75%] [32m[1mLinking CXX executable fixed_frame_tf2_broadcaster[0m
[ 75%] Built target static_turtle_tf2_broadcaster
[ 75%] Built target fixed_frame_tf2_broadcaster
[ 75%] Built target dynamic_frame_tf2_broadcaster
[ 83%] [32m[1mLinking CXX executable turtle_tf2_listener[0m
[ 83%] Built target turtle_tf2_listener
[ 91%] [32m[1mLinking CXX executable turtle_tf2_broadcaster[0m
[ 91%] Built target turtle_tf2_broadcaster
[100%] [32m[1mLinking CXX executable turtle_tf2_message_filter[0m
[100%] Built target turtle_tf2_message_filter
-- Install configuration: ""
-- Installing: /home/eilero/launch_ws/install/turtle_tf2_cpp/lib/turtle_tf2_cpp/static_turtle_tf2_broadcaster
-- Set non-toolchain portion of runtime path of "/home/eilero/launch_ws/install/turtle_tf2_cpp/lib/turtle_tf2_cpp/static_turtle_tf2_broadcaster" to ""
-- Installing: /home/eilero/launch_ws/install/turtle_tf2_cpp/lib/turtle_tf2_cpp/turtle_tf2_broadcaster
-- Set non-toolchain portion of runtime path of "/home/eilero/launch_ws/install/turtle_tf2_cpp/lib/turtle_tf2_cpp/turtle_tf2_broadcaster" to ""
-- Installing: /home/eilero/launch_ws/install/turtle_tf2_cpp/lib/turtle_tf2_cpp/turtle_tf2_listener
-- Set non-toolchain portion of runtime path of "/home/eilero/launch_ws/install/turtle_tf2_cpp/lib/turtle_tf2_cpp/turtle_tf2_listener" to ""
-- Installing: /home/eilero/launch_ws/install/turtle_tf2_cpp/lib/turtle_tf2_cpp/fixed_frame_tf2_broadcaster
-- Set non-toolchain portion of runtime path of "/home/eilero/launch_ws/install/turtle_tf2_cpp/lib/turtle_tf2_cpp/fixed_frame_tf2_broadcaster" to ""
-- Installing: /home/eilero/launch_ws/install/turtle_tf2_cpp/lib/turtle_tf2_cpp/dynamic_frame_tf2_broadcaster
-- Set non-toolchain portion of runtime path of "/home/eilero/launch_ws/install/turtle_tf2_cpp/lib/turtle_tf2_cpp/dynamic_frame_tf2_broadcaster" to ""
-- Installing: /home/eilero/launch_ws/install/turtle_tf2_cpp/lib/turtle_tf2_cpp/turtle_tf2_message_filter
-- Set non-toolchain portion of runtime path of "/home/eilero/launch_ws/install/turtle_tf2_cpp/lib/turtle_tf2_cpp/turtle_tf2_message_filter" to ""
-- Installing: /home/eilero/launch_ws/install/turtle_tf2_cpp/share/turtle_tf2_cpp/launch
-- Installing: /home/eilero/launch_ws/install/turtle_tf2_cpp/share/turtle_tf2_cpp/launch/turtle_tf2_dynamic_frame_demo.launch.py
-- Installing: /home/eilero/launch_ws/install/turtle_tf2_cpp/share/turtle_tf2_cpp/launch/turtle_tf2_fixed_frame_demo.launch.py
-- Installing: /home/eilero/launch_ws/install/turtle_tf2_cpp/share/turtle_tf2_cpp/launch/turtle_tf2_demo.launch.py
-- Installing: /home/eilero/launch_ws/install/turtle_tf2_cpp/share/ament_index/resource_index/package_run_dependencies/turtle_tf2_cpp
-- Installing: /home/eilero/launch_ws/install/turtle_tf2_cpp/share/ament_index/resource_index/parent_prefix_path/turtle_tf2_cpp
-- Installing: /home/eilero/launch_ws/install/turtle_tf2_cpp/share/turtle_tf2_cpp/environment/ament_prefix_path.sh
-- Installing: /home/eilero/launch_ws/install/turtle_tf2_cpp/share/turtle_tf2_cpp/environment/ament_prefix_path.dsv
-- Installing: /home/eilero/launch_ws/install/turtle_tf2_cpp/share/turtle_tf2_cpp/environment/path.sh
-- Installing: /home/eilero/launch_ws/install/turtle_tf2_cpp/share/turtle_tf2_cpp/environment/path.dsv
-- Installing: /home/eilero/launch_ws/install/turtle_tf2_cpp/share/turtle_tf2_cpp/local_setup.bash
-- Installing: /home/eilero/launch_ws/install/turtle_tf2_cpp/share/turtle_tf2_cpp/local_setup.sh
-- Installing: /home/eilero/launch_ws/install/turtle_tf2_cpp/share/turtle_tf2_cpp/local_setup.zsh
-- Installing: /home/eilero/launch_ws/install/turtle_tf2_cpp/share/turtle_tf2_cpp/local_setup.dsv
-- Installing: /home/eilero/launch_ws/install/turtle_tf2_cpp/share/turtle_tf2_cpp/package.dsv
-- Installing: /home/eilero/launch_ws/install/turtle_tf2_cpp/share/ament_index/resource_index/packages/turtle_tf2_cpp
-- Installing: /home/eilero/launch_ws/install/turtle_tf2_cpp/share/turtle_tf2_cpp/cmake/turtle_tf2_cppConfig.cmake
-- Installing: /home/eilero/launch_ws/install/turtle_tf2_cpp/share/turtle_tf2_cpp/cmake/turtle_tf2_cppConfig-version.cmake
-- Installing: /home/eilero/launch_ws/install/turtle_tf2_cpp/share/turtle_tf2_cpp/package.xml
