[0.063s] Invoking command in '/home/eilero/launch_ws/build/geometry_tutorials': CMAKE_PREFIX_PATH=${CMAKE_PREFIX_PATH}:/home/eilero/launch_ws/install/turtle_tf2_py:/home/eilero/launch_ws/install/py_launch_example:/home/eilero/launch_ws/install/launch_tutorial:/opt/ros/jazzy /usr/bin/cmake --build /home/eilero/launch_ws/build/geometry_tutorials -- -j16 -l16
[0.720s] Invoked command in '/home/eilero/launch_ws/build/geometry_tutorials' returned '0': CMAKE_PREFIX_PATH=${CMAKE_PREFIX_PATH}:/home/eilero/launch_ws/install/turtle_tf2_py:/home/eilero/launch_ws/install/py_launch_example:/home/eilero/launch_ws/install/launch_tutorial:/opt/ros/jazzy /usr/bin/cmake --build /home/eilero/launch_ws/build/geometry_tutorials -- -j16 -l16
[0.741s] Invoking command in '/home/eilero/launch_ws/build/geometry_tutorials': CMAKE_PREFIX_PATH=${CMAKE_PREFIX_PATH}:/home/eilero/launch_ws/install/turtle_tf2_py:/home/eilero/launch_ws/install/py_launch_example:/home/eilero/launch_ws/install/launch_tutorial:/opt/ros/jazzy /usr/bin/cmake --install /home/eilero/launch_ws/build/geometry_tutorials
[1.053s] -- Install configuration: ""
[1.053s] -- Up-to-date: /home/eilero/launch_ws/install/geometry_tutorials/share/ament_index/resource_index/package_run_dependencies/geometry_tutorials
[1.053s] -- Up-to-date: /home/eilero/launch_ws/install/geometry_tutorials/share/ament_index/resource_index/parent_prefix_path/geometry_tutorials
[1.053s] -- Up-to-date: /home/eilero/launch_ws/install/geometry_tutorials/share/geometry_tutorials/environment/ament_prefix_path.sh
[1.054s] -- Up-to-date: /home/eilero/launch_ws/install/geometry_tutorials/share/geometry_tutorials/environment/ament_prefix_path.dsv
[1.054s] -- Up-to-date: /home/eilero/launch_ws/install/geometry_tutorials/share/geometry_tutorials/environment/path.sh
[1.054s] -- Up-to-date: /home/eilero/launch_ws/install/geometry_tutorials/share/geometry_tutorials/environment/path.dsv
[1.055s] -- Up-to-date: /home/eilero/launch_ws/install/geometry_tutorials/share/geometry_tutorials/local_setup.bash
[1.055s] -- Up-to-date: /home/eilero/launch_ws/install/geometry_tutorials/share/geometry_tutorials/local_setup.sh
[1.055s] -- Up-to-date: /home/eilero/launch_ws/install/geometry_tutorials/share/geometry_tutorials/local_setup.zsh
[1.058s] -- Up-to-date: /home/eilero/launch_ws/install/geometry_tutorials/share/geometry_tutorials/local_setup.dsv
[1.059s] -- Installing: /home/eilero/launch_ws/install/geometry_tutorials/share/geometry_tutorials/package.dsv
[1.059s] -- Up-to-date: /home/eilero/launch_ws/install/geometry_tutorials/share/ament_index/resource_index/packages/geometry_tutorials
[1.060s] -- Up-to-date: /home/eilero/launch_ws/install/geometry_tutorials/share/geometry_tutorials/cmake/geometry_tutorialsConfig.cmake
[1.060s] -- Up-to-date: /home/eilero/launch_ws/install/geometry_tutorials/share/geometry_tutorials/cmake/geometry_tutorialsConfig-version.cmake
[1.060s] -- Up-to-date: /home/eilero/launch_ws/install/geometry_tutorials/share/geometry_tutorials/package.xml
[1.067s] Invoked command in '/home/eilero/launch_ws/build/geometry_tutorials' returned '0': CMAKE_PREFIX_PATH=${CMAKE_PREFIX_PATH}:/home/eilero/launch_ws/install/turtle_tf2_py:/home/eilero/launch_ws/install/py_launch_example:/home/eilero/launch_ws/install/launch_tutorial:/opt/ros/jazzy /usr/bin/cmake --install /home/eilero/launch_ws/build/geometry_tutorials
