[1.556s] Invoking command in '/home/eilero/launch_ws/src/turtle_tf2_py': PYTHONPATH=/home/eilero/launch_ws/build/turtle_tf2_py/prefix_override:/usr/lib/python3/dist-packages/colcon_core/task/python/colcon_distutils_commands:/home/eilero/launch_ws/install/turtle_tf2_py/lib/python3.12/site-packages:${PYTHONPATH} /usr/bin/python3 -W ignore:setup.py install is deprecated -W ignore:easy_install command is deprecated setup.py egg_info --egg-base ../../build/turtle_tf2_py build --build-base /home/eilero/launch_ws/build/turtle_tf2_py/build install --record /home/eilero/launch_ws/build/turtle_tf2_py/install.log --single-version-externally-managed install_data
[1.731s] running egg_info
[1.742s] writing ../../build/turtle_tf2_py/turtle_tf2_py.egg-info/PKG-INFO
[1.742s] writing dependency_links to ../../build/turtle_tf2_py/turtle_tf2_py.egg-info/dependency_links.txt
[1.742s] writing requirements to ../../build/turtle_tf2_py/turtle_tf2_py.egg-info/requires.txt
[1.742s] writing top-level names to ../../build/turtle_tf2_py/turtle_tf2_py.egg-info/top_level.txt
[1.763s] reading manifest file '../../build/turtle_tf2_py/turtle_tf2_py.egg-info/SOURCES.txt'
[1.763s] adding license file 'LICENSE'
[1.764s] writing manifest file '../../build/turtle_tf2_py/turtle_tf2_py.egg-info/SOURCES.txt'
[1.764s] running build
[1.764s] running build_py
[1.764s] running install
[1.769s] running install_lib
[1.780s] running install_data
[1.780s] running install_egg_info
[1.792s] removing '/home/eilero/launch_ws/install/turtle_tf2_py/lib/python3.12/site-packages/turtle_tf2_py-0.0.0-py3.12.egg-info' (and everything under it)
[1.792s] Copying ../../build/turtle_tf2_py/turtle_tf2_py.egg-info to /home/eilero/launch_ws/install/turtle_tf2_py/lib/python3.12/site-packages/turtle_tf2_py-0.0.0-py3.12.egg-info
[1.793s] running install_scripts
[1.878s] writing list of installed files to '/home/eilero/launch_ws/build/turtle_tf2_py/install.log'
[1.932s] Invoked command in '/home/eilero/launch_ws/src/turtle_tf2_py' returned '0': PYTHONPATH=/home/eilero/launch_ws/build/turtle_tf2_py/prefix_override:/usr/lib/python3/dist-packages/colcon_core/task/python/colcon_distutils_commands:/home/eilero/launch_ws/install/turtle_tf2_py/lib/python3.12/site-packages:${PYTHONPATH} /usr/bin/python3 -W ignore:setup.py install is deprecated -W ignore:easy_install command is deprecated setup.py egg_info --egg-base ../../build/turtle_tf2_py build --build-base /home/eilero/launch_ws/build/turtle_tf2_py/build install --record /home/eilero/launch_ws/build/turtle_tf2_py/install.log --single-version-externally-managed install_data
