[0.340s] Invoking command in '/home/eilero/launch_ws/build/turtle_tf2_cpp': CMAKE_PREFIX_PATH=${CMAKE_PREFIX_PATH}:/opt/ros/jazzy /usr/bin/cmake --build /home/eilero/launch_ws/build/turtle_tf2_cpp -- -j16 -l16
[0.409s] [ 75%] Built target fixed_frame_tf2_broadcaster
[0.409s] [ 75%] Built target turtle_tf2_broadcaster
[0.410s] [ 75%] Built target turtle_tf2_message_filter
[0.410s] [ 75%] Built target turtle_tf2_listener
[0.410s] [ 83%] Built target static_turtle_tf2_broadcaster
[0.410s] [100%] Built target dynamic_frame_tf2_broadcaster
[0.523s] Invoked command in '/home/eilero/launch_ws/build/turtle_tf2_cpp' returned '0': CMAKE_PREFIX_PATH=${CMAKE_PREFIX_PATH}:/opt/ros/jazzy /usr/bin/cmake --build /home/eilero/launch_ws/build/turtle_tf2_cpp -- -j16 -l16
[0.524s] Invoking command in '/home/eilero/launch_ws/build/turtle_tf2_cpp': CMAKE_PREFIX_PATH=${CMAKE_PREFIX_PATH}:/opt/ros/jazzy /usr/bin/cmake --install /home/eilero/launch_ws/build/turtle_tf2_cpp
[0.543s] -- Install configuration: ""
[0.544s] -- Up-to-date: /home/eilero/launch_ws/install/turtle_tf2_cpp/lib/turtle_tf2_cpp/static_turtle_tf2_broadcaster
[0.544s] -- Up-to-date: /home/eilero/launch_ws/install/turtle_tf2_cpp/lib/turtle_tf2_cpp/turtle_tf2_broadcaster
[0.544s] -- Up-to-date: /home/eilero/launch_ws/install/turtle_tf2_cpp/lib/turtle_tf2_cpp/turtle_tf2_listener
[0.544s] -- Up-to-date: /home/eilero/launch_ws/install/turtle_tf2_cpp/lib/turtle_tf2_cpp/fixed_frame_tf2_broadcaster
[0.544s] -- Up-to-date: /home/eilero/launch_ws/install/turtle_tf2_cpp/lib/turtle_tf2_cpp/dynamic_frame_tf2_broadcaster
[0.544s] -- Up-to-date: /home/eilero/launch_ws/install/turtle_tf2_cpp/lib/turtle_tf2_cpp/turtle_tf2_message_filter
[0.544s] -- Up-to-date: /home/eilero/launch_ws/install/turtle_tf2_cpp/share/turtle_tf2_cpp/launch
[0.544s] -- Up-to-date: /home/eilero/launch_ws/install/turtle_tf2_cpp/share/turtle_tf2_cpp/launch/turtle_tf2_dynamic_frame_demo.launch.py
[0.544s] -- Up-to-date: /home/eilero/launch_ws/install/turtle_tf2_cpp/share/turtle_tf2_cpp/launch/turtle_tf2_fixed_frame_demo.launch.py
[0.544s] -- Up-to-date: /home/eilero/launch_ws/install/turtle_tf2_cpp/share/turtle_tf2_cpp/launch/turtle_tf2_demo.launch.py
[0.545s] -- Up-to-date: /home/eilero/launch_ws/install/turtle_tf2_cpp/share/ament_index/resource_index/package_run_dependencies/turtle_tf2_cpp
[0.545s] -- Up-to-date: /home/eilero/launch_ws/install/turtle_tf2_cpp/share/ament_index/resource_index/parent_prefix_path/turtle_tf2_cpp
[0.545s] -- Up-to-date: /home/eilero/launch_ws/install/turtle_tf2_cpp/share/turtle_tf2_cpp/environment/ament_prefix_path.sh
[0.545s] -- Up-to-date: /home/eilero/launch_ws/install/turtle_tf2_cpp/share/turtle_tf2_cpp/environment/ament_prefix_path.dsv
[0.545s] -- Up-to-date: /home/eilero/launch_ws/install/turtle_tf2_cpp/share/turtle_tf2_cpp/environment/path.sh
[0.545s] -- Up-to-date: /home/eilero/launch_ws/install/turtle_tf2_cpp/share/turtle_tf2_cpp/environment/path.dsv
[0.545s] -- Up-to-date: /home/eilero/launch_ws/install/turtle_tf2_cpp/share/turtle_tf2_cpp/local_setup.bash
[0.545s] -- Up-to-date: /home/eilero/launch_ws/install/turtle_tf2_cpp/share/turtle_tf2_cpp/local_setup.sh
[0.545s] -- Up-to-date: /home/eilero/launch_ws/install/turtle_tf2_cpp/share/turtle_tf2_cpp/local_setup.zsh
[0.545s] -- Up-to-date: /home/eilero/launch_ws/install/turtle_tf2_cpp/share/turtle_tf2_cpp/local_setup.dsv
[0.545s] -- Installing: /home/eilero/launch_ws/install/turtle_tf2_cpp/share/turtle_tf2_cpp/package.dsv
[0.545s] -- Up-to-date: /home/eilero/launch_ws/install/turtle_tf2_cpp/share/ament_index/resource_index/packages/turtle_tf2_cpp
[0.545s] -- Up-to-date: /home/eilero/launch_ws/install/turtle_tf2_cpp/share/turtle_tf2_cpp/cmake/turtle_tf2_cppConfig.cmake
[0.545s] -- Up-to-date: /home/eilero/launch_ws/install/turtle_tf2_cpp/share/turtle_tf2_cpp/cmake/turtle_tf2_cppConfig-version.cmake
[0.545s] -- Up-to-date: /home/eilero/launch_ws/install/turtle_tf2_cpp/share/turtle_tf2_cpp/package.xml
[0.545s] Invoked command in '/home/eilero/launch_ws/build/turtle_tf2_cpp' returned '0': CMAKE_PREFIX_PATH=${CMAKE_PREFIX_PATH}:/opt/ros/jazzy /usr/bin/cmake --install /home/eilero/launch_ws/build/turtle_tf2_cpp
