[0.224s] DEBUG:colcon:Command line arguments: ['/usr/bin/colcon', 'build']
[0.224s] DEBUG:colcon:Parsed command line arguments: Namespace(log_base=None, log_level=None, verb_name='build', build_base='build', install_base='install', merge_install=False, symlink_install=False, test_result_base=None, continue_on_error=False, executor='parallel', parallel_workers=16, event_handlers=None, ignore_user_meta=False, metas=['./colcon.meta'], base_paths=['.'], packages_ignore=None, packages_ignore_regex=None, paths=None, packages_up_to=None, packages_up_to_regex=None, packages_above=None, packages_above_and_dependencies=None, packages_above_depth=None, packages_select_by_dep=None, packages_skip_by_dep=None, packages_skip_up_to=None, packages_select_build_failed=False, packages_skip_build_finished=False, packages_select_test_failures=False, packages_skip_test_passed=False, packages_select=None, packages_skip=None, packages_select_regex=None, packages_skip_regex=None, packages_start=None, packages_end=None, cmake_args=None, cmake_target=None, cmake_target_skip_unavailable=False, cmake_clean_cache=False, cmake_clean_first=False, cmake_force_configure=False, ament_cmake_args=None, catkin_cmake_args=None, catkin_skip_building_tests=False, mixin_files=None, mixin=None, verb_parser=<colcon_mixin.mixin.mixin_argument.MixinArgumentDecorator object at 0x7a072c122870>, verb_extension=<colcon_core.verb.build.BuildVerb object at 0x7a072c0cc620>, main=<bound method BuildVerb.main of <colcon_core.verb.build.BuildVerb object at 0x7a072c0cc620>>, mixin_verb=('build',))
[0.301s] Level 1:colcon.colcon_core.package_discovery:discover_packages(colcon_meta) check parameters
[0.302s] INFO:colcon.colcon_metadata.package_discovery.colcon_meta:Using configuration from '/root/.colcon/metadata/default/Gazebo.meta'
[0.303s] INFO:colcon.colcon_metadata.package_discovery.colcon_meta:Using configuration from '/root/.colcon/metadata/default/fastdds.meta'
[0.303s] INFO:colcon.colcon_metadata.package_discovery.colcon_meta:Using configuration from '/root/.colcon/metadata/default/fastrtps.meta'
[0.303s] Level 1:colcon.colcon_core.package_discovery:discover_packages(recursive) check parameters
[0.303s] Level 1:colcon.colcon_core.package_discovery:discover_packages(ignore) check parameters
[0.303s] Level 1:colcon.colcon_core.package_discovery:discover_packages(path) check parameters
[0.303s] Level 1:colcon.colcon_core.package_discovery:discover_packages(colcon_meta) discover
[0.303s] Level 1:colcon.colcon_core.package_discovery:discover_packages(recursive) discover
[0.303s] INFO:colcon.colcon_core.package_discovery:Crawling recursively for packages in '/home/eilero/launch_ws'
[0.304s] Level 1:colcon.colcon_core.package_identification:_identify(.) by extensions ['ignore', 'ignore_ament_install']
[0.304s] Level 1:colcon.colcon_core.package_identification:_identify(.) by extension 'ignore'
[0.304s] Level 1:colcon.colcon_core.package_identification:_identify(.) by extension 'ignore_ament_install'
[0.304s] Level 1:colcon.colcon_core.package_identification:_identify(.) by extensions ['colcon_pkg']
[0.304s] Level 1:colcon.colcon_core.package_identification:_identify(.) by extension 'colcon_pkg'
[0.304s] Level 1:colcon.colcon_core.package_identification:_identify(.) by extensions ['colcon_meta']
[0.304s] Level 1:colcon.colcon_core.package_identification:_identify(.) by extension 'colcon_meta'
[0.304s] Level 1:colcon.colcon_core.package_identification:_identify(.) by extensions ['ros']
[0.304s] Level 1:colcon.colcon_core.package_identification:_identify(.) by extension 'ros'
[0.350s] Level 1:colcon.colcon_core.package_identification:_identify(.) by extensions ['cmake', 'python']
[0.350s] Level 1:colcon.colcon_core.package_identification:_identify(.) by extension 'cmake'
[0.350s] Level 1:colcon.colcon_core.package_identification:_identify(.) by extension 'python'
[0.350s] Level 1:colcon.colcon_core.package_identification:_identify(.) by extensions ['python_setup_py']
[0.350s] Level 1:colcon.colcon_core.package_identification:_identify(.) by extension 'python_setup_py'
[0.351s] Level 1:colcon.colcon_core.package_identification:_identify(build) by extensions ['ignore', 'ignore_ament_install']
[0.351s] Level 1:colcon.colcon_core.package_identification:_identify(build) by extension 'ignore'
[0.351s] Level 1:colcon.colcon_core.package_identification:_identify(build) ignored
[0.351s] Level 1:colcon.colcon_core.package_identification:_identify(install) by extensions ['ignore', 'ignore_ament_install']
[0.351s] Level 1:colcon.colcon_core.package_identification:_identify(install) by extension 'ignore'
[0.351s] Level 1:colcon.colcon_core.package_identification:_identify(install) ignored
[0.351s] Level 1:colcon.colcon_core.package_identification:_identify(log) by extensions ['ignore', 'ignore_ament_install']
[0.352s] Level 1:colcon.colcon_core.package_identification:_identify(log) by extension 'ignore'
[0.352s] Level 1:colcon.colcon_core.package_identification:_identify(log) ignored
[0.352s] Level 1:colcon.colcon_core.package_identification:_identify(src) by extensions ['ignore', 'ignore_ament_install']
[0.352s] Level 1:colcon.colcon_core.package_identification:_identify(src) by extension 'ignore'
[0.352s] Level 1:colcon.colcon_core.package_identification:_identify(src) by extension 'ignore_ament_install'
[0.352s] Level 1:colcon.colcon_core.package_identification:_identify(src) by extensions ['colcon_pkg']
[0.352s] Level 1:colcon.colcon_core.package_identification:_identify(src) by extension 'colcon_pkg'
[0.352s] Level 1:colcon.colcon_core.package_identification:_identify(src) by extensions ['colcon_meta']
[0.352s] Level 1:colcon.colcon_core.package_identification:_identify(src) by extension 'colcon_meta'
[0.352s] Level 1:colcon.colcon_core.package_identification:_identify(src) by extensions ['ros']
[0.352s] Level 1:colcon.colcon_core.package_identification:_identify(src) by extension 'ros'
[0.353s] Level 1:colcon.colcon_core.package_identification:_identify(src) by extensions ['cmake', 'python']
[0.353s] Level 1:colcon.colcon_core.package_identification:_identify(src) by extension 'cmake'
[0.353s] Level 1:colcon.colcon_core.package_identification:_identify(src) by extension 'python'
[0.353s] Level 1:colcon.colcon_core.package_identification:_identify(src) by extensions ['python_setup_py']
[0.353s] Level 1:colcon.colcon_core.package_identification:_identify(src) by extension 'python_setup_py'
[0.353s] Level 1:colcon.colcon_core.package_identification:_identify(src/py_launch_example) by extensions ['ignore', 'ignore_ament_install']
[0.353s] Level 1:colcon.colcon_core.package_identification:_identify(src/py_launch_example) by extension 'ignore'
[0.353s] Level 1:colcon.colcon_core.package_identification:_identify(src/py_launch_example) by extension 'ignore_ament_install'
[0.353s] Level 1:colcon.colcon_core.package_identification:_identify(src/py_launch_example) by extensions ['colcon_pkg']
[0.353s] Level 1:colcon.colcon_core.package_identification:_identify(src/py_launch_example) by extension 'colcon_pkg'
[0.353s] Level 1:colcon.colcon_core.package_identification:_identify(src/py_launch_example) by extensions ['colcon_meta']
[0.353s] Level 1:colcon.colcon_core.package_identification:_identify(src/py_launch_example) by extension 'colcon_meta'
[0.354s] Level 1:colcon.colcon_core.package_identification:_identify(src/py_launch_example) by extensions ['ros']
[0.354s] Level 1:colcon.colcon_core.package_identification:_identify(src/py_launch_example) by extension 'ros'
[0.360s] DEBUG:colcon.colcon_core.package_identification:Package 'src/py_launch_example' with type 'ros.ament_python' and name 'py_launch_example'
[0.360s] Level 1:colcon.colcon_core.package_discovery:discover_packages(recursive) using defaults
[0.360s] Level 1:colcon.colcon_core.package_discovery:discover_packages(ignore) discover
[0.360s] Level 1:colcon.colcon_core.package_discovery:discover_packages(ignore) using defaults
[0.360s] Level 1:colcon.colcon_core.package_discovery:discover_packages(path) discover
[0.360s] Level 1:colcon.colcon_core.package_discovery:discover_packages(path) using defaults
[0.395s] Level 5:colcon.colcon_core.verb:set package 'py_launch_example' build argument 'cmake_args' from command line to 'None'
[0.395s] Level 5:colcon.colcon_core.verb:set package 'py_launch_example' build argument 'cmake_target' from command line to 'None'
[0.395s] Level 5:colcon.colcon_core.verb:set package 'py_launch_example' build argument 'cmake_target_skip_unavailable' from command line to 'False'
[0.395s] Level 5:colcon.colcon_core.verb:set package 'py_launch_example' build argument 'cmake_clean_cache' from command line to 'False'
[0.395s] Level 5:colcon.colcon_core.verb:set package 'py_launch_example' build argument 'cmake_clean_first' from command line to 'False'
[0.395s] Level 5:colcon.colcon_core.verb:set package 'py_launch_example' build argument 'cmake_force_configure' from command line to 'False'
[0.395s] Level 5:colcon.colcon_core.verb:set package 'py_launch_example' build argument 'ament_cmake_args' from command line to 'None'
[0.395s] Level 5:colcon.colcon_core.verb:set package 'py_launch_example' build argument 'catkin_cmake_args' from command line to 'None'
[0.395s] Level 5:colcon.colcon_core.verb:set package 'py_launch_example' build argument 'catkin_skip_building_tests' from command line to 'False'
[0.395s] DEBUG:colcon.colcon_core.verb:Building package 'py_launch_example' with the following arguments: {'ament_cmake_args': None, 'build_base': '/home/eilero/launch_ws/build/py_launch_example', 'catkin_cmake_args': None, 'catkin_skip_building_tests': False, 'cmake_args': None, 'cmake_clean_cache': False, 'cmake_clean_first': False, 'cmake_force_configure': False, 'cmake_target': None, 'cmake_target_skip_unavailable': False, 'install_base': '/home/eilero/launch_ws/install/py_launch_example', 'merge_install': False, 'path': '/home/eilero/launch_ws/src/py_launch_example', 'symlink_install': False, 'test_result_base': None}
[0.395s] INFO:colcon.colcon_core.executor:Executing jobs using 'parallel' executor
[0.397s] DEBUG:colcon.colcon_parallel_executor.executor.parallel:run_until_complete
[0.397s] INFO:colcon.colcon_ros.task.ament_python.build:Building ROS package in '/home/eilero/launch_ws/src/py_launch_example' with build type 'ament_python'
[0.397s] Level 1:colcon.colcon_core.shell:create_environment_hook('py_launch_example', 'ament_prefix_path')
[0.401s] INFO:colcon.colcon_core.plugin_system:Skipping extension 'colcon_core.shell.bat': Not used on non-Windows systems
[0.402s] INFO:colcon.colcon_core.shell:Creating environment hook '/home/eilero/launch_ws/install/py_launch_example/share/py_launch_example/hook/ament_prefix_path.ps1'
[0.407s] INFO:colcon.colcon_core.shell:Creating environment descriptor '/home/eilero/launch_ws/install/py_launch_example/share/py_launch_example/hook/ament_prefix_path.dsv'
[0.409s] INFO:colcon.colcon_core.shell:Creating environment hook '/home/eilero/launch_ws/install/py_launch_example/share/py_launch_example/hook/ament_prefix_path.sh'
[0.410s] INFO:colcon.colcon_core.shell:Skip shell extension 'powershell' for command environment: Not usable outside of PowerShell
[0.410s] DEBUG:colcon.colcon_core.shell:Skip shell extension 'dsv' for command environment
[0.411s] WARNING:colcon.colcon_core.prefix_path.colcon:The path '/home/eilero/launch_ws/src/install' in the environment variable COLCON_PREFIX_PATH doesn't exist
[0.411s] WARNING:colcon.colcon_ros.prefix_path.ament:The path '/home/eilero/launch_ws/src/install/py_launch_example' in the environment variable AMENT_PREFIX_PATH doesn't exist
[0.767s] INFO:colcon.colcon_core.task.python.build:Building Python package in '/home/eilero/launch_ws/src/py_launch_example'
[0.768s] INFO:colcon.colcon_core.shell:Skip shell extension 'powershell' for command environment: Not usable outside of PowerShell
[0.768s] DEBUG:colcon.colcon_core.shell:Skip shell extension 'dsv' for command environment
[1.601s] DEBUG:colcon.colcon_core.event_handler.log_command:Invoking command in '/home/eilero/launch_ws/src/py_launch_example': PYTHONPATH=/home/eilero/launch_ws/build/py_launch_example/prefix_override:/usr/lib/python3/dist-packages/colcon_core/task/python/colcon_distutils_commands:/home/eilero/launch_ws/install/py_launch_example/lib/python3.12/site-packages:${PYTHONPATH} /usr/bin/python3 -W ignore:setup.py install is deprecated -W ignore:easy_install command is deprecated setup.py egg_info --egg-base ../../build/py_launch_example build --build-base /home/eilero/launch_ws/build/py_launch_example/build install --record /home/eilero/launch_ws/build/py_launch_example/install.log --single-version-externally-managed install_data
[2.250s] DEBUG:colcon.colcon_core.event_handler.log_command:Invoked command in '/home/eilero/launch_ws/src/py_launch_example' returned '0': PYTHONPATH=/home/eilero/launch_ws/build/py_launch_example/prefix_override:/usr/lib/python3/dist-packages/colcon_core/task/python/colcon_distutils_commands:/home/eilero/launch_ws/install/py_launch_example/lib/python3.12/site-packages:${PYTHONPATH} /usr/bin/python3 -W ignore:setup.py install is deprecated -W ignore:easy_install command is deprecated setup.py egg_info --egg-base ../../build/py_launch_example build --build-base /home/eilero/launch_ws/build/py_launch_example/build install --record /home/eilero/launch_ws/build/py_launch_example/install.log --single-version-externally-managed install_data
[2.252s] Level 1:colcon.colcon_core.environment:checking '/home/eilero/launch_ws/install/py_launch_example' for CMake module files
[2.252s] Level 1:colcon.colcon_core.environment:checking '/home/eilero/launch_ws/install/py_launch_example' for CMake config files
[2.253s] Level 1:colcon.colcon_core.environment:checking '/home/eilero/launch_ws/install/py_launch_example/lib'
[2.253s] Level 1:colcon.colcon_core.environment:checking '/home/eilero/launch_ws/install/py_launch_example/bin'
[2.253s] Level 1:colcon.colcon_core.environment:checking '/home/eilero/launch_ws/install/py_launch_example/lib/pkgconfig/py_launch_example.pc'
[2.253s] Level 1:colcon.colcon_core.environment:checking '/home/eilero/launch_ws/install/py_launch_example/lib/python3.12/site-packages'
[2.253s] Level 1:colcon.colcon_core.shell:create_environment_hook('py_launch_example', 'pythonpath')
[2.254s] INFO:colcon.colcon_core.shell:Creating environment hook '/home/eilero/launch_ws/install/py_launch_example/share/py_launch_example/hook/pythonpath.ps1'
[2.254s] INFO:colcon.colcon_core.shell:Creating environment descriptor '/home/eilero/launch_ws/install/py_launch_example/share/py_launch_example/hook/pythonpath.dsv'
[2.254s] INFO:colcon.colcon_core.shell:Creating environment hook '/home/eilero/launch_ws/install/py_launch_example/share/py_launch_example/hook/pythonpath.sh'
[2.255s] Level 1:colcon.colcon_core.environment:checking '/home/eilero/launch_ws/install/py_launch_example/bin'
[2.255s] Level 1:colcon.colcon_core.environment:create_environment_scripts_only(py_launch_example)
[2.255s] INFO:colcon.colcon_core.shell:Creating package script '/home/eilero/launch_ws/install/py_launch_example/share/py_launch_example/package.ps1'
[2.256s] INFO:colcon.colcon_core.shell:Creating package descriptor '/home/eilero/launch_ws/install/py_launch_example/share/py_launch_example/package.dsv'
[2.256s] INFO:colcon.colcon_core.shell:Creating package script '/home/eilero/launch_ws/install/py_launch_example/share/py_launch_example/package.sh'
[2.257s] INFO:colcon.colcon_core.shell:Creating package script '/home/eilero/launch_ws/install/py_launch_example/share/py_launch_example/package.bash'
[2.257s] INFO:colcon.colcon_core.shell:Creating package script '/home/eilero/launch_ws/install/py_launch_example/share/py_launch_example/package.zsh'
[2.257s] Level 1:colcon.colcon_core.environment:create_file_with_runtime_dependencies(/home/eilero/launch_ws/install/py_launch_example/share/colcon-core/packages/py_launch_example)
[2.258s] DEBUG:colcon.colcon_parallel_executor.executor.parallel:closing loop
[2.258s] DEBUG:colcon.colcon_parallel_executor.executor.parallel:loop closed
[2.258s] DEBUG:colcon.colcon_parallel_executor.executor.parallel:run_until_complete finished with '0'
[2.258s] DEBUG:colcon.colcon_core.event_reactor:joining thread
[2.263s] INFO:colcon.colcon_core.plugin_system:Skipping extension 'colcon_notification.desktop_notification.notify_send': Could not find 'notify-send'
[2.263s] INFO:colcon.colcon_core.plugin_system:Skipping extension 'colcon_notification.desktop_notification.terminal_notifier': Not used on non-Darwin systems
[2.263s] INFO:colcon.colcon_core.plugin_system:Skipping extension 'colcon_notification.desktop_notification.win32': Not used on non-Windows systems
[2.263s] INFO:colcon.colcon_notification.desktop_notification:Sending desktop notification using 'notify2'
[2.267s] DEBUG:colcon.colcon_notification.desktop_notification.notify2:Failed to initialize notify2: org.freedesktop.DBus.Error.Spawn.ExecFailed: /usr/bin/dbus-launch terminated abnormally without any error message
[2.267s] DEBUG:colcon.colcon_core.event_reactor:joined thread
[2.268s] INFO:colcon.colcon_core.shell:Creating prefix script '/home/eilero/launch_ws/install/local_setup.ps1'
[2.269s] INFO:colcon.colcon_core.shell:Creating prefix util module '/home/eilero/launch_ws/install/_local_setup_util_ps1.py'
[2.270s] INFO:colcon.colcon_core.shell:Creating prefix chain script '/home/eilero/launch_ws/install/setup.ps1'
[2.271s] INFO:colcon.colcon_core.shell:Creating prefix script '/home/eilero/launch_ws/install/local_setup.sh'
[2.271s] INFO:colcon.colcon_core.shell:Creating prefix util module '/home/eilero/launch_ws/install/_local_setup_util_sh.py'
[2.272s] INFO:colcon.colcon_core.shell:Creating prefix chain script '/home/eilero/launch_ws/install/setup.sh'
[2.275s] INFO:colcon.colcon_core.shell:Creating prefix script '/home/eilero/launch_ws/install/local_setup.bash'
[2.275s] INFO:colcon.colcon_core.shell:Creating prefix chain script '/home/eilero/launch_ws/install/setup.bash'
[2.277s] INFO:colcon.colcon_core.shell:Creating prefix script '/home/eilero/launch_ws/install/local_setup.zsh'
[2.277s] INFO:colcon.colcon_core.shell:Creating prefix chain script '/home/eilero/launch_ws/install/setup.zsh'
