/home/eilero/launch_ws/install/turtle_tf2_py/lib/python3.12/site-packages/turtle_tf2_py/turtle_tf2_broadcaster.py
/home/eilero/launch_ws/install/turtle_tf2_py/lib/python3.12/site-packages/turtle_tf2_py/turtle_tf2_message_broadcaster.py
/home/eilero/launch_ws/install/turtle_tf2_py/lib/python3.12/site-packages/turtle_tf2_py/fixed_frame_tf2_broadcaster.py
/home/eilero/launch_ws/install/turtle_tf2_py/lib/python3.12/site-packages/turtle_tf2_py/__init__.py
/home/eilero/launch_ws/install/turtle_tf2_py/lib/python3.12/site-packages/turtle_tf2_py/turtle_tf2_listener.py
/home/eilero/launch_ws/install/turtle_tf2_py/lib/python3.12/site-packages/turtle_tf2_py/dynamic_frame_tf2_broadcaster.py
/home/eilero/launch_ws/install/turtle_tf2_py/lib/python3.12/site-packages/turtle_tf2_py/static_turtle_tf2_broadcaster.py
/home/eilero/launch_ws/install/turtle_tf2_py/lib/python3.12/site-packages/turtle_tf2_py/__pycache__/turtle_tf2_broadcaster.cpython-312.pyc
/home/eilero/launch_ws/install/turtle_tf2_py/lib/python3.12/site-packages/turtle_tf2_py/__pycache__/turtle_tf2_message_broadcaster.cpython-312.pyc
/home/eilero/launch_ws/install/turtle_tf2_py/lib/python3.12/site-packages/turtle_tf2_py/__pycache__/fixed_frame_tf2_broadcaster.cpython-312.pyc
/home/eilero/launch_ws/install/turtle_tf2_py/lib/python3.12/site-packages/turtle_tf2_py/__pycache__/__init__.cpython-312.pyc
/home/eilero/launch_ws/install/turtle_tf2_py/lib/python3.12/site-packages/turtle_tf2_py/__pycache__/turtle_tf2_listener.cpython-312.pyc
/home/eilero/launch_ws/install/turtle_tf2_py/lib/python3.12/site-packages/turtle_tf2_py/__pycache__/dynamic_frame_tf2_broadcaster.cpython-312.pyc
/home/eilero/launch_ws/install/turtle_tf2_py/lib/python3.12/site-packages/turtle_tf2_py/__pycache__/static_turtle_tf2_broadcaster.cpython-312.pyc
/home/eilero/launch_ws/install/turtle_tf2_py/share/ament_index/resource_index/packages/turtle_tf2_py
/home/eilero/launch_ws/install/turtle_tf2_py/share/turtle_tf2_py/package.xml
/home/eilero/launch_ws/install/turtle_tf2_py/share/turtle_tf2_py/launch/turtle_tf2_sensor_message.launch.py
/home/eilero/launch_ws/install/turtle_tf2_py/share/turtle_tf2_py/launch/turtle_tf2_dynamic_frame_demo.launch.py
/home/eilero/launch_ws/install/turtle_tf2_py/share/turtle_tf2_py/launch/turtle_tf2_fixed_frame_demo.launch.py
/home/eilero/launch_ws/install/turtle_tf2_py/share/turtle_tf2_py/launch/turtle_tf2_demo.launch.py
/home/eilero/launch_ws/install/turtle_tf2_py/share/turtle_tf2_py/rviz/turtle_rviz.rviz
/home/eilero/launch_ws/install/turtle_tf2_py/lib/python3.12/site-packages/turtle_tf2_py-0.3.6-py3.12.egg-info/requires.txt
/home/eilero/launch_ws/install/turtle_tf2_py/lib/python3.12/site-packages/turtle_tf2_py-0.3.6-py3.12.egg-info/zip-safe
/home/eilero/launch_ws/install/turtle_tf2_py/lib/python3.12/site-packages/turtle_tf2_py-0.3.6-py3.12.egg-info/PKG-INFO
/home/eilero/launch_ws/install/turtle_tf2_py/lib/python3.12/site-packages/turtle_tf2_py-0.3.6-py3.12.egg-info/entry_points.txt
/home/eilero/launch_ws/install/turtle_tf2_py/lib/python3.12/site-packages/turtle_tf2_py-0.3.6-py3.12.egg-info/SOURCES.txt
/home/eilero/launch_ws/install/turtle_tf2_py/lib/python3.12/site-packages/turtle_tf2_py-0.3.6-py3.12.egg-info/top_level.txt
/home/eilero/launch_ws/install/turtle_tf2_py/lib/python3.12/site-packages/turtle_tf2_py-0.3.6-py3.12.egg-info/dependency_links.txt
/home/eilero/launch_ws/install/turtle_tf2_py/lib/turtle_tf2_py/dynamic_frame_tf2_broadcaster
/home/eilero/launch_ws/install/turtle_tf2_py/lib/turtle_tf2_py/fixed_frame_tf2_broadcaster
/home/eilero/launch_ws/install/turtle_tf2_py/lib/turtle_tf2_py/static_turtle_tf2_broadcaster
/home/eilero/launch_ws/install/turtle_tf2_py/lib/turtle_tf2_py/turtle_tf2_broadcaster
/home/eilero/launch_ws/install/turtle_tf2_py/lib/turtle_tf2_py/turtle_tf2_listener
/home/eilero/launch_ws/install/turtle_tf2_py/lib/turtle_tf2_py/turtle_tf2_message_broadcaster
