[1.278s] Invoking command in '/home/eilero/launch_ws/src/py_launch_example': PYTHONPATH=/home/eilero/launch_ws/build/py_launch_example/prefix_override:/usr/lib/python3/dist-packages/colcon_core/task/python/colcon_distutils_commands:/home/eilero/launch_ws/install/py_launch_example/lib/python3.12/site-packages:${PYTHONPATH} /usr/bin/python3 -W ignore:setup.py install is deprecated -W ignore:easy_install command is deprecated setup.py egg_info --egg-base ../../build/py_launch_example build --build-base /home/eilero/launch_ws/build/py_launch_example/build install --record /home/eilero/launch_ws/build/py_launch_example/install.log --single-version-externally-managed install_data
[1.553s] running egg_info
[1.553s] creating ../../build/py_launch_example/py_launch_example.egg-info
[1.569s] writing ../../build/py_launch_example/py_launch_example.egg-info/PKG-INFO
[1.569s] writing dependency_links to ../../build/py_launch_example/py_launch_example.egg-info/dependency_links.txt
[1.569s] writing requirements to ../../build/py_launch_example/py_launch_example.egg-info/requires.txt
[1.569s] writing top-level names to ../../build/py_launch_example/py_launch_example.egg-info/top_level.txt
[1.569s] writing manifest file '../../build/py_launch_example/py_launch_example.egg-info/SOURCES.txt'
[1.594s] reading manifest file '../../build/py_launch_example/py_launch_example.egg-info/SOURCES.txt'
[1.594s] adding license file 'LICENSE'
[1.595s] writing manifest file '../../build/py_launch_example/py_launch_example.egg-info/SOURCES.txt'
[1.595s] running build
[1.595s] running build_py
[1.595s] creating /home/eilero/launch_ws/build/py_launch_example/build
[1.595s] creating /home/eilero/launch_ws/build/py_launch_example/build/lib
[1.596s] creating /home/eilero/launch_ws/build/py_launch_example/build/lib/py_launch_example
[1.596s] copying py_launch_example/__init__.py -> /home/eilero/launch_ws/build/py_launch_example/build/lib/py_launch_example
[1.596s] running install
[1.600s] running install_lib
[1.610s] creating /home/eilero/launch_ws/install/py_launch_example/lib/python3.12/site-packages/py_launch_example
[1.611s] copying /home/eilero/launch_ws/build/py_launch_example/build/lib/py_launch_example/__init__.py -> /home/eilero/launch_ws/install/py_launch_example/lib/python3.12/site-packages/py_launch_example
[1.611s] byte-compiling /home/eilero/launch_ws/install/py_launch_example/lib/python3.12/site-packages/py_launch_example/__init__.py to __init__.cpython-312.pyc
[1.611s] running install_data
[1.611s] creating /home/eilero/launch_ws/install/py_launch_example/share/ament_index
[1.611s] creating /home/eilero/launch_ws/install/py_launch_example/share/ament_index/resource_index
[1.611s] creating /home/eilero/launch_ws/install/py_launch_example/share/ament_index/resource_index/packages
[1.612s] copying resource/py_launch_example -> /home/eilero/launch_ws/install/py_launch_example/share/ament_index/resource_index/packages
[1.612s] copying package.xml -> /home/eilero/launch_ws/install/py_launch_example/share/py_launch_example
[1.612s] creating /home/eilero/launch_ws/install/py_launch_example/share/py_launch_example/launch
[1.612s] copying launch/my_script_launch.py -> /home/eilero/launch_ws/install/py_launch_example/share/py_launch_example/launch
[1.612s] running install_egg_info
[1.623s] Copying ../../build/py_launch_example/py_launch_example.egg-info to /home/eilero/launch_ws/install/py_launch_example/lib/python3.12/site-packages/py_launch_example-0.0.0-py3.12.egg-info
[1.624s] running install_scripts
[1.722s] writing list of installed files to '/home/eilero/launch_ws/build/py_launch_example/install.log'
[1.749s] Invoked command in '/home/eilero/launch_ws/src/py_launch_example' returned '0': PYTHONPATH=/home/eilero/launch_ws/build/py_launch_example/prefix_override:/usr/lib/python3/dist-packages/colcon_core/task/python/colcon_distutils_commands:/home/eilero/launch_ws/install/py_launch_example/lib/python3.12/site-packages:${PYTHONPATH} /usr/bin/python3 -W ignore:setup.py install is deprecated -W ignore:easy_install command is deprecated setup.py egg_info --egg-base ../../build/py_launch_example build --build-base /home/eilero/launch_ws/build/py_launch_example/build install --record /home/eilero/launch_ws/build/py_launch_example/install.log --single-version-externally-managed install_data
