[1.764s] Invoking command in '/home/eilero/launch_ws/src/py_launch_example': PYTHONPATH=/home/eilero/launch_ws/build/py_launch_example/prefix_override:/usr/lib/python3/dist-packages/colcon_core/task/python/colcon_distutils_commands:/home/eilero/launch_ws/install/py_launch_example/lib/python3.12/site-packages:${PYTHONPATH} /usr/bin/python3 -W ignore:setup.py install is deprecated -W ignore:easy_install command is deprecated setup.py egg_info --egg-base ../../build/py_launch_example build --build-base /home/eilero/launch_ws/build/py_launch_example/build install --record /home/eilero/launch_ws/build/py_launch_example/install.log --single-version-externally-managed install_data
[2.023s] running egg_info
[2.033s] writing ../../build/py_launch_example/py_launch_example.egg-info/PKG-INFO
[2.033s] writing dependency_links to ../../build/py_launch_example/py_launch_example.egg-info/dependency_links.txt
[2.033s] writing requirements to ../../build/py_launch_example/py_launch_example.egg-info/requires.txt
[2.033s] writing top-level names to ../../build/py_launch_example/py_launch_example.egg-info/top_level.txt
[2.054s] reading manifest file '../../build/py_launch_example/py_launch_example.egg-info/SOURCES.txt'
[2.054s] adding license file 'LICENSE'
[2.054s] writing manifest file '../../build/py_launch_example/py_launch_example.egg-info/SOURCES.txt'
[2.054s] running build
[2.054s] running build_py
[2.055s] running install
[2.059s] running install_lib
[2.071s] running install_data
[2.071s] running install_egg_info
[2.083s] removing '/home/eilero/launch_ws/install/py_launch_example/lib/python3.12/site-packages/py_launch_example-0.0.0-py3.12.egg-info' (and everything under it)
[2.083s] Copying ../../build/py_launch_example/py_launch_example.egg-info to /home/eilero/launch_ws/install/py_launch_example/lib/python3.12/site-packages/py_launch_example-0.0.0-py3.12.egg-info
[2.084s] running install_scripts
[2.165s] writing list of installed files to '/home/eilero/launch_ws/build/py_launch_example/install.log'
[2.202s] Invoked command in '/home/eilero/launch_ws/src/py_launch_example' returned '0': PYTHONPATH=/home/eilero/launch_ws/build/py_launch_example/prefix_override:/usr/lib/python3/dist-packages/colcon_core/task/python/colcon_distutils_commands:/home/eilero/launch_ws/install/py_launch_example/lib/python3.12/site-packages:${PYTHONPATH} /usr/bin/python3 -W ignore:setup.py install is deprecated -W ignore:easy_install command is deprecated setup.py egg_info --egg-base ../../build/py_launch_example build --build-base /home/eilero/launch_ws/build/py_launch_example/build install --record /home/eilero/launch_ws/build/py_launch_example/install.log --single-version-externally-managed install_data
