[0.769s] Invoking command in '/home/eilero/launch_ws/build/turtle_tf2_cpp': CMAKE_PREFIX_PATH=${CMAKE_PREFIX_PATH}:/home/eilero/launch_ws/install/turtle_tf2_py:/home/eilero/launch_ws/install/py_launch_example:/home/eilero/launch_ws/install/launch_tutorial:/opt/ros/jazzy /usr/bin/cmake --build /home/eilero/launch_ws/build/turtle_tf2_cpp -- -j16 -l16
[0.894s] [ 83%] Built target fixed_frame_tf2_broadcaster
[0.894s] [ 83%] Built target static_turtle_tf2_broadcaster
[0.894s] [100%] Built target turtle_tf2_broadcaster
[0.895s] [100%] Built target turtle_tf2_listener
[0.895s] [100%] Built target turtle_tf2_message_filter
[0.895s] [100%] Built target dynamic_frame_tf2_broadcaster
[1.193s] Invoked command in '/home/eilero/launch_ws/build/turtle_tf2_cpp' returned '0': CMAKE_PREFIX_PATH=${CMAKE_PREFIX_PATH}:/home/eilero/launch_ws/install/turtle_tf2_py:/home/eilero/launch_ws/install/py_launch_example:/home/eilero/launch_ws/install/launch_tutorial:/opt/ros/jazzy /usr/bin/cmake --build /home/eilero/launch_ws/build/turtle_tf2_cpp -- -j16 -l16
[1.194s] Invoking command in '/home/eilero/launch_ws/build/turtle_tf2_cpp': CMAKE_PREFIX_PATH=${CMAKE_PREFIX_PATH}:/home/eilero/launch_ws/install/turtle_tf2_py:/home/eilero/launch_ws/install/py_launch_example:/home/eilero/launch_ws/install/launch_tutorial:/opt/ros/jazzy /usr/bin/cmake --install /home/eilero/launch_ws/build/turtle_tf2_cpp
[1.210s] -- Install configuration: ""
[1.211s] -- Up-to-date: /home/eilero/launch_ws/install/turtle_tf2_cpp/lib/turtle_tf2_cpp/static_turtle_tf2_broadcaster
[1.211s] -- Up-to-date: /home/eilero/launch_ws/install/turtle_tf2_cpp/lib/turtle_tf2_cpp/turtle_tf2_broadcaster
[1.211s] -- Up-to-date: /home/eilero/launch_ws/install/turtle_tf2_cpp/lib/turtle_tf2_cpp/turtle_tf2_listener
[1.212s] -- Up-to-date: /home/eilero/launch_ws/install/turtle_tf2_cpp/lib/turtle_tf2_cpp/fixed_frame_tf2_broadcaster
[1.212s] -- Up-to-date: /home/eilero/launch_ws/install/turtle_tf2_cpp/lib/turtle_tf2_cpp/dynamic_frame_tf2_broadcaster
[1.213s] -- Up-to-date: /home/eilero/launch_ws/install/turtle_tf2_cpp/lib/turtle_tf2_cpp/turtle_tf2_message_filter
[1.213s] -- Up-to-date: /home/eilero/launch_ws/install/turtle_tf2_cpp/share/turtle_tf2_cpp/launch
[1.213s] -- Up-to-date: /home/eilero/launch_ws/install/turtle_tf2_cpp/share/turtle_tf2_cpp/launch/turtle_tf2_dynamic_frame_demo.launch.py
[1.213s] -- Up-to-date: /home/eilero/launch_ws/install/turtle_tf2_cpp/share/turtle_tf2_cpp/launch/turtle_tf2_fixed_frame_demo.launch.py
[1.214s] -- Up-to-date: /home/eilero/launch_ws/install/turtle_tf2_cpp/share/turtle_tf2_cpp/launch/turtle_tf2_demo.launch.py
[1.214s] -- Up-to-date: /home/eilero/launch_ws/install/turtle_tf2_cpp/share/ament_index/resource_index/package_run_dependencies/turtle_tf2_cpp
[1.214s] -- Up-to-date: /home/eilero/launch_ws/install/turtle_tf2_cpp/share/ament_index/resource_index/parent_prefix_path/turtle_tf2_cpp
[1.214s] -- Up-to-date: /home/eilero/launch_ws/install/turtle_tf2_cpp/share/turtle_tf2_cpp/environment/ament_prefix_path.sh
[1.214s] -- Up-to-date: /home/eilero/launch_ws/install/turtle_tf2_cpp/share/turtle_tf2_cpp/environment/ament_prefix_path.dsv
[1.214s] -- Up-to-date: /home/eilero/launch_ws/install/turtle_tf2_cpp/share/turtle_tf2_cpp/environment/path.sh
[1.215s] -- Up-to-date: /home/eilero/launch_ws/install/turtle_tf2_cpp/share/turtle_tf2_cpp/environment/path.dsv
[1.215s] -- Up-to-date: /home/eilero/launch_ws/install/turtle_tf2_cpp/share/turtle_tf2_cpp/local_setup.bash
[1.215s] -- Up-to-date: /home/eilero/launch_ws/install/turtle_tf2_cpp/share/turtle_tf2_cpp/local_setup.sh
[1.215s] -- Up-to-date: /home/eilero/launch_ws/install/turtle_tf2_cpp/share/turtle_tf2_cpp/local_setup.zsh
[1.215s] -- Up-to-date: /home/eilero/launch_ws/install/turtle_tf2_cpp/share/turtle_tf2_cpp/local_setup.dsv
[1.215s] -- Installing: /home/eilero/launch_ws/install/turtle_tf2_cpp/share/turtle_tf2_cpp/package.dsv
[1.215s] -- Up-to-date: /home/eilero/launch_ws/install/turtle_tf2_cpp/share/ament_index/resource_index/packages/turtle_tf2_cpp
[1.215s] -- Up-to-date: /home/eilero/launch_ws/install/turtle_tf2_cpp/share/turtle_tf2_cpp/cmake/turtle_tf2_cppConfig.cmake
[1.215s] -- Up-to-date: /home/eilero/launch_ws/install/turtle_tf2_cpp/share/turtle_tf2_cpp/cmake/turtle_tf2_cppConfig-version.cmake
[1.216s] -- Up-to-date: /home/eilero/launch_ws/install/turtle_tf2_cpp/share/turtle_tf2_cpp/package.xml
[1.219s] Invoked command in '/home/eilero/launch_ws/build/turtle_tf2_cpp' returned '0': CMAKE_PREFIX_PATH=${CMAKE_PREFIX_PATH}:/home/eilero/launch_ws/install/turtle_tf2_py:/home/eilero/launch_ws/install/py_launch_example:/home/eilero/launch_ws/install/launch_tutorial:/opt/ros/jazzy /usr/bin/cmake --install /home/eilero/launch_ws/build/turtle_tf2_cpp
